<?xml version="1.0" encoding="UTF-8"?>
<testsuite xmlns:xsi="http://www.w3.org/2001/XMLSchema-instance" xsi:schemaLocation="https://maven.apache.org/surefire/maven-surefire-plugin/xsd/surefire-test-report.xsd" name="uk.co.danielbryant.djshopping.shopfront.ShopfrontApplicationTests" time="3.019" tests="1" errors="1" skipped="0" failures="0">
  <properties>
[...]
</properties>
  <testcase name="contextLoads" classname="uk.co.danielbryant.djshopping.shopfront.ShopfrontApplicationTests" time="0.011">
    <error message="Failed to load ApplicationContext" type="java.lang.IllegalStateException">java.lang.IllegalStateException: Failed to load ApplicationContext
Caused by: java.lang.IllegalStateException: Cannot load configuration class: org.springframework.cloud.bootstrap.config.PropertySourceBootstrapConfiguration
Caused by: java.lang.ExceptionInInitializerError
Caused by: org.springframework.cglib.core.CodeGenerationException: java.lang.reflect.InaccessibleObjectException-->Unable to make protected final java.lang.Class java.lang.ClassLoader.defineClass(java.lang.String,byte[],int,int,java.security.ProtectionDomain) throws java.lang.ClassFormatError accessible: module java.base does not "opens java.lang" to unnamed module @880ec60
Caused by: java.lang.reflect.InaccessibleObjectException: Unable to make protected final java.lang.Class java.lang.ClassLoader.defineClass(java.lang.String,byte[],int,int,java.security.ProtectionDomain) throws java.lang.ClassFormatError accessible: module java.base does not "opens java.lang" to unnamed module @880ec60
</error>
    <system-out><![CDATA[18:41:44.417 [main] DEBUG org.springframework.test.context.junit4.SpringJUnit4ClassRunner - SpringJUnit4ClassRunner constructor called with [class uk.co.danielbryant.djshopping.shopfront.ShopfrontApplicationTests]
18:41:44.434 [main] DEBUG org.springframework.test.context.BootstrapUtils - Instantiating CacheAwareContextLoaderDelegate from class [org.springframework.test.context.cache.DefaultCacheAwareContextLoaderDelegate]
18:41:44.459 [main] DEBUG org.springframework.test.context.BootstrapUtils - Instantiating BootstrapContext using constructor [public org.springframework.test.context.support.DefaultBootstrapContext(java.lang.Class,org.springframework.test.context.CacheAwareContextLoaderDelegate)]
18:41:44.505 [main] DEBUG org.springframework.test.context.BootstrapUtils - Instantiating TestContextBootstrapper for test class [uk.co.danielbryant.djshopping.shopfront.ShopfrontApplicationTests] from class [org.springframework.boot.test.context.SpringBootTestContextBootstrapper]
18:41:44.559 [main] INFO org.springframework.boot.test.context.SpringBootTestContextBootstrapper - Neither @ContextConfiguration nor @ContextHierarchy found for test class [uk.co.danielbryant.djshopping.shopfront.ShopfrontApplicationTests], using SpringBootContextLoader
18:41:44.570 [main] DEBUG org.springframework.test.context.support.AbstractContextLoader - Did not detect default resource location for test class [uk.co.danielbryant.djshopping.shopfront.ShopfrontApplicationTests]: class path resource [uk/co/danielbryant/djshopping/shopfront/ShopfrontApplicationTests-context.xml] does not exist
18:41:44.571 [main] DEBUG org.springframework.test.context.support.AbstractContextLoader - Did not detect default resource location for test class [uk.co.danielbryant.djshopping.shopfront.ShopfrontApplicationTests]: class path resource [uk/co/danielbryant/djshopping/shopfront/ShopfrontApplicationTestsContext.groovy] does not exist
18:41:44.571 [main] INFO org.springframework.test.context.support.AbstractContextLoader - Could not detect default resource locations for test class [uk.co.danielbryant.djshopping.shopfront.ShopfrontApplicationTests]: no resource found for suffixes {-context.xml, Context.groovy}.
18:41:44.675 [main] DEBUG org.springframework.test.context.support.ActiveProfilesUtils - Could not find an 'annotation declaring class' for annotation type [org.springframework.test.context.ActiveProfiles] and class [uk.co.danielbryant.djshopping.shopfront.ShopfrontApplicationTests]
18:41:44.732 [main] DEBUG org.springframework.boot.test.context.SpringBootTestContextBootstrapper - @TestExecutionListeners is not present for class [uk.co.danielbryant.djshopping.shopfront.ShopfrontApplicationTests]: using defaults.
18:41:44.740 [main] INFO org.springframework.boot.test.context.SpringBootTestContextBootstrapper - Loaded default TestExecutionListener class names from location [META-INF/spring.factories]: [org.springframework.boot.test.mock.mockito.MockitoTestExecutionListener, org.springframework.boot.test.mock.mockito.ResetMocksTestExecutionListener, org.springframework.boot.test.autoconfigure.restdocs.RestDocsTestExecutionListener, org.springframework.boot.test.autoconfigure.web.client.MockRestServiceServerResetTestExecutionListener, org.springframework.boot.test.autoconfigure.web.servlet.MockMvcPrintOnlyOnFailureTestExecutionListener, org.springframework.boot.test.autoconfigure.web.servlet.WebDriverTestExecutionListener, org.springframework.test.context.web.ServletTestExecutionListener, org.springframework.test.context.support.DirtiesContextBeforeModesTestExecutionListener, org.springframework.test.context.support.DependencyInjectionTestExecutionListener, org.springframework.test.context.support.DirtiesContextTestExecutionListener, org.springframework.test.context.transaction.TransactionalTestExecutionListener, org.springframework.test.context.jdbc.SqlScriptsTestExecutionListener]
18:41:44.775 [main] DEBUG org.springframework.boot.test.context.SpringBootTestContextBootstrapper - Could not instantiate TestExecutionListener [org.springframework.test.context.transaction.TransactionalTestExecutionListener]. Specify custom listener classes or make the default listener classes (and their required dependencies) available. Offending class: [org/springframework/transaction/interceptor/TransactionAttributeSource]
18:41:44.776 [main] DEBUG org.springframework.boot.test.context.SpringBootTestContextBootstrapper - Could not instantiate TestExecutionListener [org.springframework.test.context.jdbc.SqlScriptsTestExecutionListener]. Specify custom listener classes or make the default listener classes (and their required dependencies) available. Offending class: [org/springframework/transaction/interceptor/TransactionAttribute]
18:41:44.776 [main] INFO org.springframework.boot.test.context.SpringBootTestContextBootstrapper - Using TestExecutionListeners: [org.springframework.test.context.web.ServletTestExecutionListener@f6efaab, org.springframework.test.context.support.DirtiesContextBeforeModesTestExecutionListener@3c19aaa5, org.springframework.boot.test.mock.mockito.MockitoTestExecutionListener@3349e9bb, org.springframework.boot.test.autoconfigure.SpringBootDependencyInjectionTestExecutionListener@409bf450, org.springframework.test.context.support.DirtiesContextTestExecutionListener@38d8f54a, org.springframework.boot.test.mock.mockito.ResetMocksTestExecutionListener@49e53c76, org.springframework.boot.test.autoconfigure.restdocs.RestDocsTestExecutionListener@351d00c0, org.springframework.boot.test.autoconfigure.web.client.MockRestServiceServerResetTestExecutionListener@2a3b5b47, org.springframework.boot.test.autoconfigure.web.servlet.MockMvcPrintOnlyOnFailureTestExecutionListener@55b699ef, org.springframework.boot.test.autoconfigure.web.servlet.WebDriverTestExecutionListener@35d019a3]
18:41:44.780 [main] DEBUG org.springframework.test.annotation.ProfileValueUtils - Retrieved @ProfileValueSourceConfiguration [null] for test class [uk.co.danielbryant.djshopping.shopfront.ShopfrontApplicationTests]
18:41:44.781 [main] DEBUG org.springframework.test.annotation.ProfileValueUtils - Retrieved ProfileValueSource type [class org.springframework.test.annotation.SystemProfileValueSource] for class [uk.co.danielbryant.djshopping.shopfront.ShopfrontApplicationTests]
18:41:44.783 [main] DEBUG org.springframework.test.annotation.ProfileValueUtils - Retrieved @ProfileValueSourceConfiguration [null] for test class [uk.co.danielbryant.djshopping.shopfront.ShopfrontApplicationTests]
18:41:44.783 [main] DEBUG org.springframework.test.annotation.ProfileValueUtils - Retrieved ProfileValueSource type [class org.springframework.test.annotation.SystemProfileValueSource] for class [uk.co.danielbryant.djshopping.shopfront.ShopfrontApplicationTests]
18:41:44.785 [main] DEBUG org.springframework.test.annotation.ProfileValueUtils - Retrieved @ProfileValueSourceConfiguration [null] for test class [uk.co.danielbryant.djshopping.shopfront.ShopfrontApplicationTests]
18:41:44.785 [main] DEBUG org.springframework.test.annotation.ProfileValueUtils - Retrieved ProfileValueSource type [class org.springframework.test.annotation.SystemProfileValueSource] for class [uk.co.danielbryant.djshopping.shopfront.ShopfrontApplicationTests]
18:41:44.797 [main] DEBUG org.springframework.test.context.support.AbstractDirtiesContextTestExecutionListener - Before test class: context [DefaultTestContext@1bb5a082 testClass = ShopfrontApplicationTests, testInstance = [null], testMethod = [null], testException = [null], mergedContextConfiguration = [WebMergedContextConfiguration@78691363 testClass = ShopfrontApplicationTests, locations = '{}', classes = '{class uk.co.danielbryant.djshopping.shopfront.ShopfrontApplication, class uk.co.danielbryant.djshopping.shopfront.ShopfrontApplication}', contextInitializerClasses = '[]', activeProfiles = '{}', propertySourceLocations = '{}', propertySourceProperties = '{org.springframework.boot.test.context.SpringBootTestContextBootstrapper=true, server.port=0}', contextCustomizers = set[org.springframework.boot.test.context.SpringBootTestContextCustomizer@12d4bf7e, org.springframework.boot.test.context.filter.ExcludeFilterContextCustomizer@30b7c004, org.springframework.boot.test.json.DuplicateJsonObjectContextCustomizerFactory$DuplicateJsonObjectContextCustomizer@27ae2fd0, org.springframework.boot.test.mock.mockito.MockitoContextCustomizer@0, org.springframework.boot.test.autoconfigure.properties.PropertyMappingContextCustomizer@0, org.springframework.boot.test.autoconfigure.web.servlet.WebDriverContextCustomizerFactory$Customizer@5e316c74], resourceBasePath = 'src/main/webapp', contextLoader = 'org.springframework.boot.test.context.SpringBootContextLoader', parent = [null]]], class annotated with @DirtiesContext [false] with mode [null].
18:41:44.799 [main] DEBUG org.springframework.test.annotation.ProfileValueUtils - Retrieved @ProfileValueSourceConfiguration [null] for test class [uk.co.danielbryant.djshopping.shopfront.ShopfrontApplicationTests]
18:41:44.800 [main] DEBUG org.springframework.test.annotation.ProfileValueUtils - Retrieved ProfileValueSource type [class org.springframework.test.annotation.SystemProfileValueSource] for class [uk.co.danielbryant.djshopping.shopfront.ShopfrontApplicationTests]
18:41:44.805 [main] DEBUG org.springframework.test.context.support.DependencyInjectionTestExecutionListener - Performing dependency injection for test context [[DefaultTestContext@1bb5a082 testClass = ShopfrontApplicationTests, testInstance = uk.co.danielbryant.djshopping.shopfront.ShopfrontApplicationTests@2b71e916, testMethod = [null], testException = [null], mergedContextConfiguration = [WebMergedContextConfiguration@78691363 testClass = ShopfrontApplicationTests, locations = '{}', classes = '{class uk.co.danielbryant.djshopping.shopfront.ShopfrontApplication, class uk.co.danielbryant.djshopping.shopfront.ShopfrontApplication}', contextInitializerClasses = '[]', activeProfiles = '{}', propertySourceLocations = '{}', propertySourceProperties = '{org.springframework.boot.test.context.SpringBootTestContextBootstrapper=true, server.port=0}', contextCustomizers = set[org.springframework.boot.test.context.SpringBootTestContextCustomizer@12d4bf7e, org.springframework.boot.test.context.filter.ExcludeFilterContextCustomizer@30b7c004, org.springframework.boot.test.json.DuplicateJsonObjectContextCustomizerFactory$DuplicateJsonObjectContextCustomizer@27ae2fd0, org.springframework.boot.test.mock.mockito.MockitoContextCustomizer@0, org.springframework.boot.test.autoconfigure.properties.PropertyMappingContextCustomizer@0, org.springframework.boot.test.autoconfigure.web.servlet.WebDriverContextCustomizerFactory$Customizer@5e316c74], resourceBasePath = 'src/main/webapp', contextLoader = 'org.springframework.boot.test.context.SpringBootContextLoader', parent = [null]]]].
18:41:44.933 [main] DEBUG org.springframework.core.env.StandardEnvironment - Adding PropertySource 'systemProperties' with lowest search precedence
18:41:44.936 [main] DEBUG org.springframework.core.env.StandardEnvironment - Adding PropertySource 'systemEnvironment' with lowest search precedence
18:41:44.936 [main] DEBUG org.springframework.core.env.StandardEnvironment - Initialized StandardEnvironment with PropertySources [MapPropertySource@1006227006 {name='systemProperties', properties={java.specification.version=17, sun.cpu.isalist=amd64, sun.jnu.encoding=Cp1252, java.class.path=C:\Users\Jobanpreet\Desktop\docker-Java-kubernetes-project\shopfront\target\test-classes;C:\Users\Jobanpreet\Desktop\docker-Java-kubernetes-project\shopfront\target\classes;C:\Users\Jobanpreet\.m2\repository\org\springframework\boot\spring-boot-starter-thymeleaf\1.5.22.RELEASE\spring-boot-starter-thymeleaf-1.5.22.RELEASE.jar;C:\Users\Jobanpreet\.m2\repository\org\springframework\boot\spring-boot-starter\1.5.22.RELEASE\spring-boot-starter-1.5.22.RELEASE.jar;C:\Users\Jobanpreet\.m2\repository\org\springframework\boot\spring-boot\1.5.22.RELEASE\spring-boot-1.5.22.RELEASE.jar;C:\Users\Jobanpreet\.m2\repository\org\springframework\boot\spring-boot-autoconfigure\1.5.22.RELEASE\spring-boot-autoconfigure-1.5.22.RELEASE.jar;C:\Users\Jobanpreet\.m2\repository\org\springframework\boot\spring-boot-starter-logging\1.5.22.RELEASE\spring-boot-starter-logging-1.5.22.RELEASE.jar;C:\Users\Jobanpreet\.m2\repository\ch\qos\logback\logback-classic\1.1.11\logback-classic-1.1.11.jar;C:\Users\Jobanpreet\.m2\repository\ch\qos\logback\logback-core\1.1.11\logback-core-1.1.11.jar;C:\Users\Jobanpreet\.m2\repository\org\slf4j\jcl-over-slf4j\1.7.26\jcl-over-slf4j-1.7.26.jar;C:\Users\Jobanpreet\.m2\repository\org\slf4j\jul-to-slf4j\1.7.26\jul-to-slf4j-1.7.26.jar;C:\Users\Jobanpreet\.m2\repository\org\slf4j\log4j-over-slf4j\1.7.26\log4j-over-slf4j-1.7.26.jar;C:\Users\Jobanpreet\.m2\repository\org\yaml\snakeyaml\1.17\snakeyaml-1.17.jar;C:\Users\Jobanpreet\.m2\repository\org\springframework\boot\spring-boot-starter-web\1.5.22.RELEASE\spring-boot-starter-web-1.5.22.RELEASE.jar;C:\Users\Jobanpreet\.m2\repository\org\springframework\boot\spring-boot-starter-tomcat\1.5.22.RELEASE\spring-boot-starter-tomcat-1.5.22.RELEASE.jar;C:\Users\Jobanpreet\.m2\repository\org\apache\tomcat\embed\tomcat-embed-core\8.5.43\tomcat-embed-core-8.5.43.jar;C:\Users\Jobanpreet\.m2\repository\org\apache\tomcat\tomcat-annotations-api\8.5.43\tomcat-annotations-api-8.5.43.jar;C:\Users\Jobanpreet\.m2\repository\org\apache\tomcat\embed\tomcat-embed-el\8.5.43\tomcat-embed-el-8.5.43.jar;C:\Users\Jobanpreet\.m2\repository\org\apache\tomcat\embed\tomcat-embed-websocket\8.5.43\tomcat-embed-websocket-8.5.43.jar;C:\Users\Jobanpreet\.m2\repository\org\hibernate\hibernate-validator\5.3.6.Final\hibernate-validator-5.3.6.Final.jar;C:\Users\Jobanpreet\.m2\repository\javax\validation\validation-api\1.1.0.Final\validation-api-1.1.0.Final.jar;C:\Users\Jobanpreet\.m2\repository\org\jboss\logging\jboss-logging\3.3.2.Final\jboss-logging-3.3.2.Final.jar;C:\Users\Jobanpreet\.m2\repository\com\fasterxml\classmate\1.3.4\classmate-1.3.4.jar;C:\Users\Jobanpreet\.m2\repository\com\fasterxml\jackson\core\jackson-databind\2.8.11.3\jackson-databind-2.8.11.3.jar;C:\Users\Jobanpreet\.m2\repository\org\springframework\spring-web\4.3.25.RELEASE\spring-web-4.3.25.RELEASE.jar;C:\Users\Jobanpreet\.m2\repository\org\springframework\spring-aop\4.3.25.RELEASE\spring-aop-4.3.25.RELEASE.jar;C:\Users\Jobanpreet\.m2\repository\org\springframework\spring-beans\4.3.25.RELEASE\spring-beans-4.3.25.RELEASE.jar;C:\Users\Jobanpreet\.m2\repository\org\springframework\spring-webmvc\4.3.25.RELEASE\spring-webmvc-4.3.25.RELEASE.jar;C:\Users\Jobanpreet\.m2\repository\org\springframework\spring-expression\4.3.25.RELEASE\spring-expression-4.3.25.RELEASE.jar;C:\Users\Jobanpreet\.m2\repository\org\thymeleaf\thymeleaf-spring4\2.1.6.RELEASE\thymeleaf-spring4-2.1.6.RELEASE.jar;C:\Users\Jobanpreet\.m2\repository\org\thymeleaf\thymeleaf\2.1.6.RELEASE\thymeleaf-2.1.6.RELEASE.jar;C:\Users\Jobanpreet\.m2\repository\ognl\ognl\3.0.8\ognl-3.0.8.jar;C:\Users\Jobanpreet\.m2\repository\org\javassist\javassist\3.21.0-GA\javassist-3.21.0-GA.jar;C:\Users\Jobanpreet\.m2\repository\org\unbescape\unbescape\1.1.0.RELEASE\unbescape-1.1.0.RELEASE.jar;C:\Users\Jobanpreet\.m2\repository\org\slf4j\slf4j-api\1.7.26\slf4j-api-1.7.26.jar;C:\Users\Jobanpreet\.m2\repository\nz\net\ultraq\thymeleaf\thymeleaf-layout-dialect\1.4.0\thymeleaf-layout-dialect-1.4.0.jar;C:\Users\Jobanpreet\.m2\repository\org\codehaus\groovy\groovy\2.4.17\groovy-2.4.17.jar;C:\Users\Jobanpreet\.m2\repository\org\springframework\boot\spring-boot-starter-actuator\1.5.22.RELEASE\spring-boot-starter-actuator-1.5.22.RELEASE.jar;C:\Users\Jobanpreet\.m2\repository\org\springframework\boot\spring-boot-actuator\1.5.22.RELEASE\spring-boot-actuator-1.5.22.RELEASE.jar;C:\Users\Jobanpreet\.m2\repository\org\springframework\spring-context\4.3.25.RELEASE\spring-context-4.3.25.RELEASE.jar;C:\Users\Jobanpreet\.m2\repository\org\springframework\cloud\spring-cloud-starter-hystrix\1.3.6.RELEASE\spring-cloud-starter-hystrix-1.3.6.RELEASE.jar;C:\Users\Jobanpreet\.m2\repository\org\springframework\cloud\spring-cloud-starter\1.2.5.RELEASE\spring-cloud-starter-1.2.5.RELEASE.jar;C:\Users\Jobanpreet\.m2\repository\org\springframework\cloud\spring-cloud-context\1.2.5.RELEASE\spring-cloud-context-1.2.5.RELEASE.jar;C:\Users\Jobanpreet\.m2\repository\org\springframework\security\spring-security-crypto\4.2.13.RELEASE\spring-security-crypto-4.2.13.RELEASE.jar;C:\Users\Jobanpreet\.m2\repository\org\springframework\cloud\spring-cloud-commons\1.2.5.RELEASE\spring-cloud-commons-1.2.5.RELEASE.jar;C:\Users\Jobanpreet\.m2\repository\org\springframework\security\spring-security-rsa\1.0.3.RELEASE\spring-security-rsa-1.0.3.RELEASE.jar;C:\Users\Jobanpreet\.m2\repository\org\bouncycastle\bcpkix-jdk15on\1.55\bcpkix-jdk15on-1.55.jar;C:\Users\Jobanpreet\.m2\repository\org\bouncycastle\bcprov-jdk15on\1.55\bcprov-jdk15on-1.55.jar;C:\Users\Jobanpreet\.m2\repository\org\springframework\cloud\spring-cloud-netflix-core\1.3.6.RELEASE\spring-cloud-netflix-core-1.3.6.RELEASE.jar;C:\Users\Jobanpreet\.m2\repository\org\springframework\cloud\spring-cloud-starter-archaius\1.3.6.RELEASE\spring-cloud-starter-archaius-1.3.6.RELEASE.jar;C:\Users\Jobanpreet\.m2\repository\com\netflix\archaius\archaius-core\0.7.4\archaius-core-0.7.4.jar;C:\Users\Jobanpreet\.m2\repository\com\google\code\findbugs\jsr305\3.0.1\jsr305-3.0.1.jar;C:\Users\Jobanpreet\.m2\repository\commons-configuration\commons-configuration\1.8\commons-configuration-1.8.jar;C:\Users\Jobanpreet\.m2\repository\commons-lang\commons-lang\2.6\commons-lang-2.6.jar;C:\Users\Jobanpreet\.m2\repository\com\fasterxml\jackson\core\jackson-annotations\2.8.0\jackson-annotations-2.8.0.jar;C:\Users\Jobanpreet\.m2\repository\com\fasterxml\jackson\core\jackson-core\2.8.11\jackson-core-2.8.11.jar;C:\Users\Jobanpreet\.m2\repository\com\google\guava\guava\18.0\guava-18.0.jar;C:\Users\Jobanpreet\.m2\repository\com\netflix\hystrix\hystrix-core\1.5.12\hystrix-core-1.5.12.jar;C:\Users\Jobanpreet\.m2\repository\io\reactivex\rxjava\1.1.10\rxjava-1.1.10.jar;C:\Users\Jobanpreet\.m2\repository\org\hdrhistogram\HdrHistogram\2.1.9\HdrHistogram-2.1.9.jar;C:\Users\Jobanpreet\.m2\repository\com\netflix\hystrix\hystrix-metrics-event-stream\1.5.12\hystrix-metrics-event-stream-1.5.12.jar;C:\Users\Jobanpreet\.m2\repository\com\netflix\hystrix\hystrix-serialization\1.5.12\hystrix-serialization-1.5.12.jar;C:\Users\Jobanpreet\.m2\repository\com\fasterxml\jackson\module\jackson-module-afterburner\2.8.11\jackson-module-afterburner-2.8.11.jar;C:\Users\Jobanpreet\.m2\repository\com\netflix\hystrix\hystrix-javanica\1.5.12\hystrix-javanica-1.5.12.jar;C:\Users\Jobanpreet\.m2\repository\org\apache\commons\commons-lang3\3.1\commons-lang3-3.1.jar;C:\Users\Jobanpreet\.m2\repository\org\ow2\asm\asm\5.0.4\asm-5.0.4.jar;C:\Users\Jobanpreet\.m2\repository\org\aspectj\aspectjweaver\1.8.14\aspectjweaver-1.8.14.jar;C:\Users\Jobanpreet\.m2\repository\org\springframework\cloud\spring-cloud-starter-eureka\1.3.6.RELEASE\spring-cloud-starter-eureka-1.3.6.RELEASE.jar;C:\Users\Jobanpreet\.m2\repository\org\springframework\cloud\spring-cloud-netflix-eureka-client\1.3.6.RELEASE\spring-cloud-netflix-eureka-client-1.3.6.RELEASE.jar;C:\Users\Jobanpreet\.m2\repository\com\netflix\eureka\eureka-client\1.6.2\eureka-client-1.6.2.jar;C:\Users\Jobanpreet\.m2\repository\org\codehaus\jettison\jettison\1.3.7\jettison-1.3.7.jar;C:\Users\Jobanpreet\.m2\repository\stax\stax-api\1.0.1\stax-api-1.0.1.jar;C:\Users\Jobanpreet\.m2\repository\com\netflix\netflix-commons\netflix-eventbus\0.3.0\netflix-eventbus-0.3.0.jar;C:\Users\Jobanpreet\.m2\repository\com\netflix\netflix-commons\netflix-infix\0.3.0\netflix-infix-0.3.0.jar;C:\Users\Jobanpreet\.m2\repository\commons-jxpath\commons-jxpath\1.3\commons-jxpath-1.3.jar;C:\Users\Jobanpreet\.m2\repository\joda-time\joda-time\2.9.9\joda-time-2.9.9.jar;C:\Users\Jobanpreet\.m2\repository\org\antlr\antlr-runtime\3.4\antlr-runtime-3.4.jar;C:\Users\Jobanpreet\.m2\repository\org\antlr\stringtemplate\3.2.1\stringtemplate-3.2.1.jar;C:\Users\Jobanpreet\.m2\repository\antlr\antlr\2.7.7\antlr-2.7.7.jar;C:\Users\Jobanpreet\.m2\repository\com\google\code\gson\gson\2.8.5\gson-2.8.5.jar;C:\Users\Jobanpreet\.m2\repository\org\apache\commons\commons-math\2.2\commons-math-2.2.jar;C:\Users\Jobanpreet\.m2\repository\javax\ws\rs\jsr311-api\1.1.1\jsr311-api-1.1.1.jar;C:\Users\Jobanpreet\.m2\repository\com\netflix\servo\servo-core\0.10.1\servo-core-0.10.1.jar;C:\Users\Jobanpreet\.m2\repository\com\netflix\servo\servo-internal\0.10.1\servo-internal-0.10.1.jar;C:\Users\Jobanpreet\.m2\repository\com\sun\jersey\jersey-core\1.19.1\jersey-core-1.19.1.jar;C:\Users\Jobanpreet\.m2\repository\com\sun\jersey\jersey-client\1.19.1\jersey-client-1.19.1.jar;C:\Users\Jobanpreet\.m2\repository\com\sun\jersey\contribs\jersey-apache-client4\1.19.1\jersey-apache-client4-1.19.1.jar;C:\Users\Jobanpreet\.m2\repository\org\apache\httpcomponents\httpclient\4.5.9\httpclient-4.5.9.jar;C:\Users\Jobanpreet\.m2\repository\org\apache\httpcomponents\httpcore\4.4.11\httpcore-4.4.11.jar;C:\Users\Jobanpreet\.m2\repository\commons-codec\commons-codec\1.10\commons-codec-1.10.jar;C:\Users\Jobanpreet\.m2\repository\com\google\inject\guice\4.1.0\guice-4.1.0.jar;C:\Users\Jobanpreet\.m2\repository\javax\inject\javax.inject\1\javax.inject-1.jar;C:\Users\Jobanpreet\.m2\repository\aopalliance\aopalliance\1.0\aopalliance-1.0.jar;C:\Users\Jobanpreet\.m2\repository\com\netflix\eureka\eureka-core\1.6.2\eureka-core-1.6.2.jar;C:\Users\Jobanpreet\.m2\repository\org\codehaus\woodstox\woodstox-core-asl\4.4.1\woodstox-core-asl-4.4.1.jar;C:\Users\Jobanpreet\.m2\repository\javax\xml\stream\stax-api\1.0-2\stax-api-1.0-2.jar;C:\Users\Jobanpreet\.m2\repository\org\codehaus\woodstox\stax2-api\3.1.4\stax2-api-3.1.4.jar;C:\Users\Jobanpreet\.m2\repository\org\springframework\cloud\spring-cloud-starter-ribbon\1.3.6.RELEASE\spring-cloud-starter-ribbon-1.3.6.RELEASE.jar;C:\Users\Jobanpreet\.m2\repository\com\netflix\ribbon\ribbon\2.2.2\ribbon-2.2.2.jar;C:\Users\Jobanpreet\.m2\repository\com\netflix\ribbon\ribbon-transport\2.2.2\ribbon-transport-2.2.2.jar;C:\Users\Jobanpreet\.m2\repository\io\reactivex\rxnetty-contexts\0.4.9\rxnetty-contexts-0.4.9.jar;C:\Users\Jobanpreet\.m2\repository\io\reactivex\rxnetty-servo\0.4.9\rxnetty-servo-0.4.9.jar;C:\Users\Jobanpreet\.m2\repository\io\reactivex\rxnetty\0.4.9\rxnetty-0.4.9.jar;C:\Users\Jobanpreet\.m2\repository\io\netty\netty-codec-http\4.0.27.Final\netty-codec-http-4.0.27.Final.jar;C:\Users\Jobanpreet\.m2\repository\io\netty\netty-codec\4.0.27.Final\netty-codec-4.0.27.Final.jar;C:\Users\Jobanpreet\.m2\repository\io\netty\netty-handler\4.0.27.Final\netty-handler-4.0.27.Final.jar;C:\Users\Jobanpreet\.m2\repository\io\netty\netty-transport-native-epoll\4.0.27.Final\netty-transport-native-epoll-4.0.27.Final.jar;C:\Users\Jobanpreet\.m2\repository\io\netty\netty-common\4.0.27.Final\netty-common-4.0.27.Final.jar;C:\Users\Jobanpreet\.m2\repository\io\netty\netty-buffer\4.0.27.Final\netty-buffer-4.0.27.Final.jar;C:\Users\Jobanpreet\.m2\repository\io\netty\netty-transport\4.0.27.Final\netty-transport-4.0.27.Final.jar;C:\Users\Jobanpreet\.m2\repository\com\netflix\ribbon\ribbon-core\2.2.2\ribbon-core-2.2.2.jar;C:\Users\Jobanpreet\.m2\repository\com\netflix\ribbon\ribbon-httpclient\2.2.2\ribbon-httpclient-2.2.2.jar;C:\Users\Jobanpreet\.m2\repository\commons-collections\commons-collections\3.2.2\commons-collections-3.2.2.jar;C:\Users\Jobanpreet\.m2\repository\com\netflix\netflix-commons\netflix-commons-util\0.1.1\netflix-commons-util-0.1.1.jar;C:\Users\Jobanpreet\.m2\repository\com\netflix\ribbon\ribbon-loadbalancer\2.2.2\ribbon-loadbalancer-2.2.2.jar;C:\Users\Jobanpreet\.m2\repository\com\netflix\netflix-commons\netflix-statistics\0.1.1\netflix-statistics-0.1.1.jar;C:\Users\Jobanpreet\.m2\repository\com\netflix\ribbon\ribbon-eureka\2.2.2\ribbon-eureka-2.2.2.jar;C:\Users\Jobanpreet\.m2\repository\com\thoughtworks\xstream\xstream\1.4.9\xstream-1.4.9.jar;C:\Users\Jobanpreet\.m2\repository\xmlpull\xmlpull\1.1.3.1\xmlpull-1.1.3.1.jar;C:\Users\Jobanpreet\.m2\repository\xpp3\xpp3_min\1.1.4c\xpp3_min-1.1.4c.jar;C:\Users\Jobanpreet\.m2\repository\org\springframework\boot\spring-boot-starter-test\1.5.22.RELEASE\spring-boot-starter-test-1.5.22.RELEASE.jar;C:\Users\Jobanpreet\.m2\repository\org\springframework\boot\spring-boot-test\1.5.22.RELEASE\spring-boot-test-1.5.22.RELEASE.jar;C:\Users\Jobanpreet\.m2\repository\org\springframework\boot\spring-boot-test-autoconfigure\1.5.22.RELEASE\spring-boot-test-autoconfigure-1.5.22.RELEASE.jar;C:\Users\Jobanpreet\.m2\repository\com\jayway\jsonpath\json-path\2.2.0\json-path-2.2.0.jar;C:\Users\Jobanpreet\.m2\repository\net\minidev\json-smart\2.2.1\json-smart-2.2.1.jar;C:\Users\Jobanpreet\.m2\repository\net\minidev\accessors-smart\1.1\accessors-smart-1.1.jar;C:\Users\Jobanpreet\.m2\repository\junit\junit\4.12\junit-4.12.jar;C:\Users\Jobanpreet\.m2\repository\org\assertj\assertj-core\2.6.0\assertj-core-2.6.0.jar;C:\Users\Jobanpreet\.m2\repository\org\mockito\mockito-core\1.10.19\mockito-core-1.10.19.jar;C:\Users\Jobanpreet\.m2\repository\org\objenesis\objenesis\2.1\objenesis-2.1.jar;C:\Users\Jobanpreet\.m2\repository\org\hamcrest\hamcrest-core\1.3\hamcrest-core-1.3.jar;C:\Users\Jobanpreet\.m2\repository\org\hamcrest\hamcrest-library\1.3\hamcrest-library-1.3.jar;C:\Users\Jobanpreet\.m2\repository\org\skyscreamer\jsonassert\1.4.0\jsonassert-1.4.0.jar;C:\Users\Jobanpreet\.m2\repository\com\vaadin\external\google\android-json\0.0.20131108.vaadin1\android-json-0.0.20131108.vaadin1.jar;C:\Users\Jobanpreet\.m2\repository\org\springframework\spring-core\4.3.25.RELEASE\spring-core-4.3.25.RELEASE.jar;C:\Users\Jobanpreet\.m2\repository\org\springframework\spring-test\4.3.25.RELEASE\spring-test-4.3.25.RELEASE.jar;, java.vm.vendor=Oracle Corporation, sun.arch.data.model=64, user.variant=, java.vendor.url=https://java.oracle.com/, user.timezone=Asia/Calcutta, java.vm.specification.version=17, os.name=Windows 11, sun.java.launcher=SUN_STANDARD, user.country=IN, sun.boot.library.path=C:\Program Files\Java\jdk-17\bin, sun.java.command=C:\Users\Jobanpreet\Desktop\docker-Java-kubernetes-project\shopfront\target\surefire\surefirebooter7845944249432102880.jar C:\Users\Jobanpreet\Desktop\docker-Java-kubernetes-project\shopfront\target\surefire\surefire2788721262076359975tmp C:\Users\Jobanpreet\Desktop\docker-Java-kubernetes-project\shopfront\target\surefire\surefire_016995078328870012195tmp, jdk.debug=release, surefire.test.class.path=C:\Users\Jobanpreet\Desktop\docker-Java-kubernetes-project\shopfront\target\test-classes;C:\Users\Jobanpreet\Desktop\docker-Java-kubernetes-project\shopfront\target\classes;C:\Users\Jobanpreet\.m2\repository\org\springframework\boot\spring-boot-starter-thymeleaf\1.5.22.RELEASE\spring-boot-starter-thymeleaf-1.5.22.RELEASE.jar;C:\Users\Jobanpreet\.m2\repository\org\springframework\boot\spring-boot-starter\1.5.22.RELEASE\spring-boot-starter-1.5.22.RELEASE.jar;C:\Users\Jobanpreet\.m2\repository\org\springframework\boot\spring-boot\1.5.22.RELEASE\spring-boot-1.5.22.RELEASE.jar;C:\Users\Jobanpreet\.m2\repository\org\springframework\boot\spring-boot-autoconfigure\1.5.22.RELEASE\spring-boot-autoconfigure-1.5.22.RELEASE.jar;C:\Users\Jobanpreet\.m2\repository\org\springframework\boot\spring-boot-starter-logging\1.5.22.RELEASE\spring-boot-starter-logging-1.5.22.RELEASE.jar;C:\Users\Jobanpreet\.m2\repository\ch\qos\logback\logback-classic\1.1.11\logback-classic-1.1.11.jar;C:\Users\Jobanpreet\.m2\repository\ch\qos\logback\logback-core\1.1.11\logback-core-1.1.11.jar;C:\Users\Jobanpreet\.m2\repository\org\slf4j\jcl-over-slf4j\1.7.26\jcl-over-slf4j-1.7.26.jar;C:\Users\Jobanpreet\.m2\repository\org\slf4j\jul-to-slf4j\1.7.26\jul-to-slf4j-1.7.26.jar;C:\Users\Jobanpreet\.m2\repository\org\slf4j\log4j-over-slf4j\1.7.26\log4j-over-slf4j-1.7.26.jar;C:\Users\Jobanpreet\.m2\repository\org\yaml\snakeyaml\1.17\snakeyaml-1.17.jar;C:\Users\Jobanpreet\.m2\repository\org\springframework\boot\spring-boot-starter-web\1.5.22.RELEASE\spring-boot-starter-web-1.5.22.RELEASE.jar;C:\Users\Jobanpreet\.m2\repository\org\springframework\boot\spring-boot-starter-tomcat\1.5.22.RELEASE\spring-boot-starter-tomcat-1.5.22.RELEASE.jar;C:\Users\Jobanpreet\.m2\repository\org\apache\tomcat\embed\tomcat-embed-core\8.5.43\tomcat-embed-core-8.5.43.jar;C:\Users\Jobanpreet\.m2\repository\org\apache\tomcat\tomcat-annotations-api\8.5.43\tomcat-annotations-api-8.5.43.jar;C:\Users\Jobanpreet\.m2\repository\org\apache\tomcat\embed\tomcat-embed-el\8.5.43\tomcat-embed-el-8.5.43.jar;C:\Users\Jobanpreet\.m2\repository\org\apache\tomcat\embed\tomcat-embed-websocket\8.5.43\tomcat-embed-websocket-8.5.43.jar;C:\Users\Jobanpreet\.m2\repository\org\hibernate\hibernate-validator\5.3.6.Final\hibernate-validator-5.3.6.Final.jar;C:\Users\Jobanpreet\.m2\repository\javax\validation\validation-api\1.1.0.Final\validation-api-1.1.0.Final.jar;C:\Users\Jobanpreet\.m2\repository\org\jboss\logging\jboss-logging\3.3.2.Final\jboss-logging-3.3.2.Final.jar;C:\Users\Jobanpreet\.m2\repository\com\fasterxml\classmate\1.3.4\classmate-1.3.4.jar;C:\Users\Jobanpreet\.m2\repository\com\fasterxml\jackson\core\jackson-databind\2.8.11.3\jackson-databind-2.8.11.3.jar;C:\Users\Jobanpreet\.m2\repository\org\springframework\spring-web\4.3.25.RELEASE\spring-web-4.3.25.RELEASE.jar;C:\Users\Jobanpreet\.m2\repository\org\springframework\spring-aop\4.3.25.RELEASE\spring-aop-4.3.25.RELEASE.jar;C:\Users\Jobanpreet\.m2\repository\org\springframework\spring-beans\4.3.25.RELEASE\spring-beans-4.3.25.RELEASE.jar;C:\Users\Jobanpreet\.m2\repository\org\springframework\spring-webmvc\4.3.25.RELEASE\spring-webmvc-4.3.25.RELEASE.jar;C:\Users\Jobanpreet\.m2\repository\org\springframework\spring-expression\4.3.25.RELEASE\spring-expression-4.3.25.RELEASE.jar;C:\Users\Jobanpreet\.m2\repository\org\thymeleaf\thymeleaf-spring4\2.1.6.RELEASE\thymeleaf-spring4-2.1.6.RELEASE.jar;C:\Users\Jobanpreet\.m2\repository\org\thymeleaf\thymeleaf\2.1.6.RELEASE\thymeleaf-2.1.6.RELEASE.jar;C:\Users\Jobanpreet\.m2\repository\ognl\ognl\3.0.8\ognl-3.0.8.jar;C:\Users\Jobanpreet\.m2\repository\org\javassist\javassist\3.21.0-GA\javassist-3.21.0-GA.jar;C:\Users\Jobanpreet\.m2\repository\org\unbescape\unbescape\1.1.0.RELEASE\unbescape-1.1.0.RELEASE.jar;C:\Users\Jobanpreet\.m2\repository\org\slf4j\slf4j-api\1.7.26\slf4j-api-1.7.26.jar;C:\Users\Jobanpreet\.m2\repository\nz\net\ultraq\thymeleaf\thymeleaf-layout-dialect\1.4.0\thymeleaf-layout-dialect-1.4.0.jar;C:\Users\Jobanpreet\.m2\repository\org\codehaus\groovy\groovy\2.4.17\groovy-2.4.17.jar;C:\Users\Jobanpreet\.m2\repository\org\springframework\boot\spring-boot-starter-actuator\1.5.22.RELEASE\spring-boot-starter-actuator-1.5.22.RELEASE.jar;C:\Users\Jobanpreet\.m2\repository\org\springframework\boot\spring-boot-actuator\1.5.22.RELEASE\spring-boot-actuator-1.5.22.RELEASE.jar;C:\Users\Jobanpreet\.m2\repository\org\springframework\spring-context\4.3.25.RELEASE\spring-context-4.3.25.RELEASE.jar;C:\Users\Jobanpreet\.m2\repository\org\springframework\cloud\spring-cloud-starter-hystrix\1.3.6.RELEASE\spring-cloud-starter-hystrix-1.3.6.RELEASE.jar;C:\Users\Jobanpreet\.m2\repository\org\springframework\cloud\spring-cloud-starter\1.2.5.RELEASE\spring-cloud-starter-1.2.5.RELEASE.jar;C:\Users\Jobanpreet\.m2\repository\org\springframework\cloud\spring-cloud-context\1.2.5.RELEASE\spring-cloud-context-1.2.5.RELEASE.jar;C:\Users\Jobanpreet\.m2\repository\org\springframework\security\spring-security-crypto\4.2.13.RELEASE\spring-security-crypto-4.2.13.RELEASE.jar;C:\Users\Jobanpreet\.m2\repository\org\springframework\cloud\spring-cloud-commons\1.2.5.RELEASE\spring-cloud-commons-1.2.5.RELEASE.jar;C:\Users\Jobanpreet\.m2\repository\org\springframework\security\spring-security-rsa\1.0.3.RELEASE\spring-security-rsa-1.0.3.RELEASE.jar;C:\Users\Jobanpreet\.m2\repository\org\bouncycastle\bcpkix-jdk15on\1.55\bcpkix-jdk15on-1.55.jar;C:\Users\Jobanpreet\.m2\repository\org\bouncycastle\bcprov-jdk15on\1.55\bcprov-jdk15on-1.55.jar;C:\Users\Jobanpreet\.m2\repository\org\springframework\cloud\spring-cloud-netflix-core\1.3.6.RELEASE\spring-cloud-netflix-core-1.3.6.RELEASE.jar;C:\Users\Jobanpreet\.m2\repository\org\springframework\cloud\spring-cloud-starter-archaius\1.3.6.RELEASE\spring-cloud-starter-archaius-1.3.6.RELEASE.jar;C:\Users\Jobanpreet\.m2\repository\com\netflix\archaius\archaius-core\0.7.4\archaius-core-0.7.4.jar;C:\Users\Jobanpreet\.m2\repository\com\google\code\findbugs\jsr305\3.0.1\jsr305-3.0.1.jar;C:\Users\Jobanpreet\.m2\repository\commons-configuration\commons-configuration\1.8\commons-configuration-1.8.jar;C:\Users\Jobanpreet\.m2\repository\commons-lang\commons-lang\2.6\commons-lang-2.6.jar;C:\Users\Jobanpreet\.m2\repository\com\fasterxml\jackson\core\jackson-annotations\2.8.0\jackson-annotations-2.8.0.jar;C:\Users\Jobanpreet\.m2\repository\com\fasterxml\jackson\core\jackson-core\2.8.11\jackson-core-2.8.11.jar;C:\Users\Jobanpreet\.m2\repository\com\google\guava\guava\18.0\guava-18.0.jar;C:\Users\Jobanpreet\.m2\repository\com\netflix\hystrix\hystrix-core\1.5.12\hystrix-core-1.5.12.jar;C:\Users\Jobanpreet\.m2\repository\io\reactivex\rxjava\1.1.10\rxjava-1.1.10.jar;C:\Users\Jobanpreet\.m2\repository\org\hdrhistogram\HdrHistogram\2.1.9\HdrHistogram-2.1.9.jar;C:\Users\Jobanpreet\.m2\repository\com\netflix\hystrix\hystrix-metrics-event-stream\1.5.12\hystrix-metrics-event-stream-1.5.12.jar;C:\Users\Jobanpreet\.m2\repository\com\netflix\hystrix\hystrix-serialization\1.5.12\hystrix-serialization-1.5.12.jar;C:\Users\Jobanpreet\.m2\repository\com\fasterxml\jackson\module\jackson-module-afterburner\2.8.11\jackson-module-afterburner-2.8.11.jar;C:\Users\Jobanpreet\.m2\repository\com\netflix\hystrix\hystrix-javanica\1.5.12\hystrix-javanica-1.5.12.jar;C:\Users\Jobanpreet\.m2\repository\org\apache\commons\commons-lang3\3.1\commons-lang3-3.1.jar;C:\Users\Jobanpreet\.m2\repository\org\ow2\asm\asm\5.0.4\asm-5.0.4.jar;C:\Users\Jobanpreet\.m2\repository\org\aspectj\aspectjweaver\1.8.14\aspectjweaver-1.8.14.jar;C:\Users\Jobanpreet\.m2\repository\org\springframework\cloud\spring-cloud-starter-eureka\1.3.6.RELEASE\spring-cloud-starter-eureka-1.3.6.RELEASE.jar;C:\Users\Jobanpreet\.m2\repository\org\springframework\cloud\spring-cloud-netflix-eureka-client\1.3.6.RELEASE\spring-cloud-netflix-eureka-client-1.3.6.RELEASE.jar;C:\Users\Jobanpreet\.m2\repository\com\netflix\eureka\eureka-client\1.6.2\eureka-client-1.6.2.jar;C:\Users\Jobanpreet\.m2\repository\org\codehaus\jettison\jettison\1.3.7\jettison-1.3.7.jar;C:\Users\Jobanpreet\.m2\repository\stax\stax-api\1.0.1\stax-api-1.0.1.jar;C:\Users\Jobanpreet\.m2\repository\com\netflix\netflix-commons\netflix-eventbus\0.3.0\netflix-eventbus-0.3.0.jar;C:\Users\Jobanpreet\.m2\repository\com\netflix\netflix-commons\netflix-infix\0.3.0\netflix-infix-0.3.0.jar;C:\Users\Jobanpreet\.m2\repository\commons-jxpath\commons-jxpath\1.3\commons-jxpath-1.3.jar;C:\Users\Jobanpreet\.m2\repository\joda-time\joda-time\2.9.9\joda-time-2.9.9.jar;C:\Users\Jobanpreet\.m2\repository\org\antlr\antlr-runtime\3.4\antlr-runtime-3.4.jar;C:\Users\Jobanpreet\.m2\repository\org\antlr\stringtemplate\3.2.1\stringtemplate-3.2.1.jar;C:\Users\Jobanpreet\.m2\repository\antlr\antlr\2.7.7\antlr-2.7.7.jar;C:\Users\Jobanpreet\.m2\repository\com\google\code\gson\gson\2.8.5\gson-2.8.5.jar;C:\Users\Jobanpreet\.m2\repository\org\apache\commons\commons-math\2.2\commons-math-2.2.jar;C:\Users\Jobanpreet\.m2\repository\javax\ws\rs\jsr311-api\1.1.1\jsr311-api-1.1.1.jar;C:\Users\Jobanpreet\.m2\repository\com\netflix\servo\servo-core\0.10.1\servo-core-0.10.1.jar;C:\Users\Jobanpreet\.m2\repository\com\netflix\servo\servo-internal\0.10.1\servo-internal-0.10.1.jar;C:\Users\Jobanpreet\.m2\repository\com\sun\jersey\jersey-core\1.19.1\jersey-core-1.19.1.jar;C:\Users\Jobanpreet\.m2\repository\com\sun\jersey\jersey-client\1.19.1\jersey-client-1.19.1.jar;C:\Users\Jobanpreet\.m2\repository\com\sun\jersey\contribs\jersey-apache-client4\1.19.1\jersey-apache-client4-1.19.1.jar;C:\Users\Jobanpreet\.m2\repository\org\apache\httpcomponents\httpclient\4.5.9\httpclient-4.5.9.jar;C:\Users\Jobanpreet\.m2\repository\org\apache\httpcomponents\httpcore\4.4.11\httpcore-4.4.11.jar;C:\Users\Jobanpreet\.m2\repository\commons-codec\commons-codec\1.10\commons-codec-1.10.jar;C:\Users\Jobanpreet\.m2\repository\com\google\inject\guice\4.1.0\guice-4.1.0.jar;C:\Users\Jobanpreet\.m2\repository\javax\inject\javax.inject\1\javax.inject-1.jar;C:\Users\Jobanpreet\.m2\repository\aopalliance\aopalliance\1.0\aopalliance-1.0.jar;C:\Users\Jobanpreet\.m2\repository\com\netflix\eureka\eureka-core\1.6.2\eureka-core-1.6.2.jar;C:\Users\Jobanpreet\.m2\repository\org\codehaus\woodstox\woodstox-core-asl\4.4.1\woodstox-core-asl-4.4.1.jar;C:\Users\Jobanpreet\.m2\repository\javax\xml\stream\stax-api\1.0-2\stax-api-1.0-2.jar;C:\Users\Jobanpreet\.m2\repository\org\codehaus\woodstox\stax2-api\3.1.4\stax2-api-3.1.4.jar;C:\Users\Jobanpreet\.m2\repository\org\springframework\cloud\spring-cloud-starter-ribbon\1.3.6.RELEASE\spring-cloud-starter-ribbon-1.3.6.RELEASE.jar;C:\Users\Jobanpreet\.m2\repository\com\netflix\ribbon\ribbon\2.2.2\ribbon-2.2.2.jar;C:\Users\Jobanpreet\.m2\repository\com\netflix\ribbon\ribbon-transport\2.2.2\ribbon-transport-2.2.2.jar;C:\Users\Jobanpreet\.m2\repository\io\reactivex\rxnetty-contexts\0.4.9\rxnetty-contexts-0.4.9.jar;C:\Users\Jobanpreet\.m2\repository\io\reactivex\rxnetty-servo\0.4.9\rxnetty-servo-0.4.9.jar;C:\Users\Jobanpreet\.m2\repository\io\reactivex\rxnetty\0.4.9\rxnetty-0.4.9.jar;C:\Users\Jobanpreet\.m2\repository\io\netty\netty-codec-http\4.0.27.Final\netty-codec-http-4.0.27.Final.jar;C:\Users\Jobanpreet\.m2\repository\io\netty\netty-codec\4.0.27.Final\netty-codec-4.0.27.Final.jar;C:\Users\Jobanpreet\.m2\repository\io\netty\netty-handler\4.0.27.Final\netty-handler-4.0.27.Final.jar;C:\Users\Jobanpreet\.m2\repository\io\netty\netty-transport-native-epoll\4.0.27.Final\netty-transport-native-epoll-4.0.27.Final.jar;C:\Users\Jobanpreet\.m2\repository\io\netty\netty-common\4.0.27.Final\netty-common-4.0.27.Final.jar;C:\Users\Jobanpreet\.m2\repository\io\netty\netty-buffer\4.0.27.Final\netty-buffer-4.0.27.Final.jar;C:\Users\Jobanpreet\.m2\repository\io\netty\netty-transport\4.0.27.Final\netty-transport-4.0.27.Final.jar;C:\Users\Jobanpreet\.m2\repository\com\netflix\ribbon\ribbon-core\2.2.2\ribbon-core-2.2.2.jar;C:\Users\Jobanpreet\.m2\repository\com\netflix\ribbon\ribbon-httpclient\2.2.2\ribbon-httpclient-2.2.2.jar;C:\Users\Jobanpreet\.m2\repository\commons-collections\commons-collections\3.2.2\commons-collections-3.2.2.jar;C:\Users\Jobanpreet\.m2\repository\com\netflix\netflix-commons\netflix-commons-util\0.1.1\netflix-commons-util-0.1.1.jar;C:\Users\Jobanpreet\.m2\repository\com\netflix\ribbon\ribbon-loadbalancer\2.2.2\ribbon-loadbalancer-2.2.2.jar;C:\Users\Jobanpreet\.m2\repository\com\netflix\netflix-commons\netflix-statistics\0.1.1\netflix-statistics-0.1.1.jar;C:\Users\Jobanpreet\.m2\repository\com\netflix\ribbon\ribbon-eureka\2.2.2\ribbon-eureka-2.2.2.jar;C:\Users\Jobanpreet\.m2\repository\com\thoughtworks\xstream\xstream\1.4.9\xstream-1.4.9.jar;C:\Users\Jobanpreet\.m2\repository\xmlpull\xmlpull\1.1.3.1\xmlpull-1.1.3.1.jar;C:\Users\Jobanpreet\.m2\repository\xpp3\xpp3_min\1.1.4c\xpp3_min-1.1.4c.jar;C:\Users\Jobanpreet\.m2\repository\org\springframework\boot\spring-boot-starter-test\1.5.22.RELEASE\spring-boot-starter-test-1.5.22.RELEASE.jar;C:\Users\Jobanpreet\.m2\repository\org\springframework\boot\spring-boot-test\1.5.22.RELEASE\spring-boot-test-1.5.22.RELEASE.jar;C:\Users\Jobanpreet\.m2\repository\org\springframework\boot\spring-boot-test-autoconfigure\1.5.22.RELEASE\spring-boot-test-autoconfigure-1.5.22.RELEASE.jar;C:\Users\Jobanpreet\.m2\repository\com\jayway\jsonpath\json-path\2.2.0\json-path-2.2.0.jar;C:\Users\Jobanpreet\.m2\repository\net\minidev\json-smart\2.2.1\json-smart-2.2.1.jar;C:\Users\Jobanpreet\.m2\repository\net\minidev\accessors-smart\1.1\accessors-smart-1.1.jar;C:\Users\Jobanpreet\.m2\repository\junit\junit\4.12\junit-4.12.jar;C:\Users\Jobanpreet\.m2\repository\org\assertj\assertj-core\2.6.0\assertj-core-2.6.0.jar;C:\Users\Jobanpreet\.m2\repository\org\mockito\mockito-core\1.10.19\mockito-core-1.10.19.jar;C:\Users\Jobanpreet\.m2\repository\org\objenesis\objenesis\2.1\objenesis-2.1.jar;C:\Users\Jobanpreet\.m2\repository\org\hamcrest\hamcrest-core\1.3\hamcrest-core-1.3.jar;C:\Users\Jobanpreet\.m2\repository\org\hamcrest\hamcrest-library\1.3\hamcrest-library-1.3.jar;C:\Users\Jobanpreet\.m2\repository\org\skyscreamer\jsonassert\1.4.0\jsonassert-1.4.0.jar;C:\Users\Jobanpreet\.m2\repository\com\vaadin\external\google\android-json\0.0.20131108.vaadin1\android-json-0.0.20131108.vaadin1.jar;C:\Users\Jobanpreet\.m2\repository\org\springframework\spring-core\4.3.25.RELEASE\spring-core-4.3.25.RELEASE.jar;C:\Users\Jobanpreet\.m2\repository\org\springframework\spring-test\4.3.25.RELEASE\spring-test-4.3.25.RELEASE.jar;, sun.cpu.endian=little, user.home=C:\Users\Jobanpreet, user.language=en, java.specification.vendor=Oracle Corporation, java.version.date=2024-01-16, java.home=C:\Program Files\Java\jdk-17, file.separator=\, basedir=C:\Users\Jobanpreet\Desktop\docker-Java-kubernetes-project\shopfront, java.vm.compressedOopsMode=Zero based, line.separator=
, java.vm.specification.vendor=Oracle Corporation, java.specification.name=Java Platform API Specification, surefire.real.class.path=C:\Users\Jobanpreet\Desktop\docker-Java-kubernetes-project\shopfront\target\surefire\surefirebooter7845944249432102880.jar, user.script=, sun.management.compiler=HotSpot 64-Bit Tiered Compilers, java.runtime.version=17.0.10+11-LTS-240, user.name=Jobanpreet, path.separator=;, os.version=10.0, java.runtime.name=Java(TM) SE Runtime Environment, file.encoding=Cp1252, java.vm.name=Java HotSpot(TM) 64-Bit Server VM, localRepository=C:\Users\Jobanpreet\.m2\repository, java.vendor.url.bug=https://bugreport.java.com/bugreport/, java.io.tmpdir=C:\Users\JOBANP~1\AppData\Local\Temp\, java.version=17.0.10, user.dir=C:\Users\Jobanpreet\Desktop\docker-Java-kubernetes-project\shopfront, os.arch=amd64, java.vm.specification.name=Java Virtual Machine Specification, sun.os.patch.level=, native.encoding=Cp1252, java.library.path=C:\Program Files\Java\jdk-17\bin;C:\Windows\Sun\Java\bin;C:\Windows\system32;C:\Windows;C:\Users\Jobanpreet\AppData\Local\Programs\Python\Python311\Scripts\;C:\Users\Jobanpreet\AppData\Local\Programs\Python\Python311\;C:\Program Files\Common Files\Oracle\Java\javapath;C:\Windows\system32;C:\Windows;C:\Windows\System32\Wbem;C:\Windows\System32\WindowsPowerShell\v1.0\;C:\Windows\System32\OpenSSH\;C:\Program Files\Amazon\AWSCLIV2\;C:\Program Files\Git\cmd;C:\Program Files\nodejs\;C:\Program Files\PuTTY\;C:\Users\Jobanpreet\AppData\Local\Android\Sdk\platform-tools;C:\Program Files\Cloudflare\Cloudflare WARP\;C:\Program Files\Docker\Docker\resources\bin;C:\Program Files\Kubernetes\Minikube;C:\apache-maven-3.9.6\bin;C:\Users\Jobanpreet\AppData\Local\Programs\Python\Python311\Scripts\;C:\Users\Jobanpreet\AppData\Local\Programs\Python\Python311\;C:\Users\Jobanpreet\AppData\Local\Microsoft\WindowsApps;C:\Windows\System32\;C:\terraform;C:\Users\Jobanpreet\AppData\Local\Programs\Microsoft VS Code\bin;C:\Program Files\Java\jdk-17\bin;C:\Users\Jobanpreet\AppData\Roaming\npm;C:\Users\Jobanpreet\AppData\Local\Android\Sdk\platform-tools;C:\apache-maven-3.9.6\bin;;., java.vm.info=mixed mode, sharing, java.vendor=Oracle Corporation, java.vm.version=17.0.10+11-LTS-240, sun.io.unicode.encoding=UnicodeLittle, java.class.version=61.0}}, SystemEnvironmentPropertySource@375457936 {name='systemEnvironment', properties={PATH=C:\Users\Jobanpreet\AppData\Local\Programs\Python\Python311\Scripts\;C:\Users\Jobanpreet\AppData\Local\Programs\Python\Python311\;C:\Program Files\Common Files\Oracle\Java\javapath;C:\Windows\system32;C:\Windows;C:\Windows\System32\Wbem;C:\Windows\System32\WindowsPowerShell\v1.0\;C:\Windows\System32\OpenSSH\;C:\Program Files\Amazon\AWSCLIV2\;C:\Program Files\Git\cmd;C:\Program Files\nodejs\;C:\Program Files\PuTTY\;C:\Users\Jobanpreet\AppData\Local\Android\Sdk\platform-tools;C:\Program Files\Cloudflare\Cloudflare WARP\;C:\Program Files\Docker\Docker\resources\bin;C:\Program Files\Kubernetes\Minikube;C:\apache-maven-3.9.6\bin;C:\Users\Jobanpreet\AppData\Local\Programs\Python\Python311\Scripts\;C:\Users\Jobanpreet\AppData\Local\Programs\Python\Python311\;C:\Users\Jobanpreet\AppData\Local\Microsoft\WindowsApps;C:\Windows\System32\;C:\terraform;C:\Users\Jobanpreet\AppData\Local\Programs\Microsoft VS Code\bin;C:\Program Files\Java\jdk-17\bin;C:\Users\Jobanpreet\AppData\Roaming\npm;C:\Users\Jobanpreet\AppData\Local\Android\Sdk\platform-tools;C:\apache-maven-3.9.6\bin;, USERDOMAIN_ROAMINGPROFILE=AzureAD, WT_SESSION=acf98dff-75d9-4dc7-bf5a-c6cb8d8e18c0, PROCESSOR_LEVEL=6, SYSTEMDRIVE=C:, SESSIONNAME=Console, ALLUSERSPROFILE=C:\ProgramData, PROCESSOR_ARCHITECTURE=AMD64, ANDROID_HOME=C:\Users\Jobanpreet\AppData\Local\Android\Sdk, DRIVERDATA=C:\Windows\System32\Drivers\DriverData, MAVEN_HOME=C:\apache-maven-3.9.6, PROGRAMFILES=C:\Program Files, PSMODULEPATH=C:\Users\Jobanpreet\OneDrive - cloudEQ\Documents\WindowsPowerShell\Modules;C:\Program Files\WindowsPowerShell\Modules;C:\Windows\system32\WindowsPowerShell\v1.0\Modules, PROGRAMDATA=C:\ProgramData, USERNAME=Jobanpreet, WDIR=C:\, ONEDRIVE=C:\Users\Jobanpreet\OneDrive - cloudEQ, PATHEXT=.COM;.EXE;.BAT;.CMD;.VBS;.VBE;.JS;.JSE;.WSF;.WSH;.MSC;.CPL, CLASSWORLDS_JAR="C:\apache-maven-3.9.6\boot\plexus-classworlds-2.7.0.jar", WINDIR=C:\Windows, HOMEPATH=\Users\Jobanpreet, PROCESSOR_IDENTIFIER=Intel64 Family 6 Model 154 Stepping 4, GenuineIntel, PUBLIC=C:\Users\Public, ZES_ENABLE_SYSMAN=1, LOCALAPPDATA=C:\Users\Jobanpreet\AppData\Local, COMMONPROGRAMFILES(X86)=C:\Program Files (x86)\Common Files, USERDOMAIN=AzureAD, LOGONSERVER=\\CEQ-ICT-DESKTOP, JAVA_HOME=C:\Program Files\Java\jdk-17, PROMPT=$P$G, PROGRAMFILES(X86)=C:\Program Files (x86), ERROR_CODE=0, EXEC_DIR=C:\Users\Jobanpreet\Desktop\docker-Java-kubernetes-project\shopfront, WT_PROFILE_ID={61c54bbd-c2c6-5271-96e7-009a87ff44bf}, =C:=C:\Users\Jobanpreet\Desktop\docker-Java-kubernetes-project\shopfront, APPDATA=C:\Users\Jobanpreet\AppData\Roaming, PROGRAMW6432=C:\Program Files, SYSTEMROOT=C:\Windows, MAVEN_CMD_LINE_ARGS=clean install, OS=Windows_NT, COMMONPROGRAMW6432=C:\Program Files\Common Files, COMPUTERNAME=CEQ-ICT-DESKTOP, COMMONPROGRAMFILES=C:\Program Files\Common Files, COMSPEC=C:\Windows\system32\cmd.exe, JAVACMD=C:\Program Files\Java\jdk-17\bin\java.exe, MAVEN_PROJECTBASEDIR=C:\Users\Jobanpreet\Desktop\docker-Java-kubernetes-project\shopfront, PROCESSOR_REVISION=9a04, CLASSWORLDS_LAUNCHER=org.codehaus.plexus.classworlds.launcher.Launcher, TEMP=C:\Users\JOBANP~1\AppData\Local\Temp, HOMEDRIVE=C:, USERPROFILE=C:\Users\Jobanpreet, TMP=C:\Users\JOBANP~1\AppData\Local\Temp, WSLENV=WT_SESSION:WT_PROFILE_ID:, NUMBER_OF_PROCESSORS=12, JVMCONFIG=\.mvn\jvm.config}}]
18:41:44.940 [main] DEBUG org.springframework.test.context.support.TestPropertySourceUtils - Adding inlined properties to environment: {spring.jmx.enabled=false, org.springframework.boot.test.context.SpringBootTestContextBootstrapper=true, server.port=0}
18:41:44.941 [main] DEBUG org.springframework.core.env.StandardEnvironment - Adding PropertySource 'Inlined Test Properties' with highest search precedence
2024-04-23 18:41:46.276  INFO 13440 --- [           main] o.s.core.annotation.AnnotationUtils      : Failed to introspect annotations on class org.springframework.cloud.netflix.eureka.config.EurekaDiscoveryClientConfigServiceBootstrapConfiguration: java.lang.IllegalStateException: Could not obtain annotation attribute value for public abstract java.lang.Class[] org.springframework.boot.autoconfigure.condition.ConditionalOnClass.value()
2024-04-23 18:41:46.301  INFO 13440 --- [           main] s.c.a.AnnotationConfigApplicationContext : Refreshing org.springframework.context.annotation.AnnotationConfigApplicationContext@797cf65c: startup date [Tue Apr 23 18:41:46 IST 2024]; root of context hierarchy
2024-04-23 18:41:46.663 ERROR 13440 --- [           main] o.s.boot.SpringApplication               : Application startup failed

java.lang.IllegalStateException: Cannot load configuration class: org.springframework.cloud.bootstrap.config.PropertySourceBootstrapConfiguration
	at org.springframework.context.annotation.ConfigurationClassPostProcessor.enhanceConfigurationClasses(ConfigurationClassPostProcessor.java:404) ~[spring-context-4.3.25.RELEASE.jar:4.3.25.RELEASE]
	at org.springframework.context.annotation.ConfigurationClassPostProcessor.postProcessBeanFactory(ConfigurationClassPostProcessor.java:249) ~[spring-context-4.3.25.RELEASE.jar:4.3.25.RELEASE]
	at org.springframework.context.support.PostProcessorRegistrationDelegate.invokeBeanFactoryPostProcessors(PostProcessorRegistrationDelegate.java:283) ~[spring-context-4.3.25.RELEASE.jar:4.3.25.RELEASE]
	at org.springframework.context.support.PostProcessorRegistrationDelegate.invokeBeanFactoryPostProcessors(PostProcessorRegistrationDelegate.java:127) ~[spring-context-4.3.25.RELEASE.jar:4.3.25.RELEASE]
	at org.springframework.context.support.AbstractApplicationContext.invokeBeanFactoryPostProcessors(AbstractApplicationContext.java:687) ~[spring-context-4.3.25.RELEASE.jar:4.3.25.RELEASE]
	at org.springframework.context.support.AbstractApplicationContext.refresh(AbstractApplicationContext.java:524) ~[spring-context-4.3.25.RELEASE.jar:4.3.25.RELEASE]
	at org.springframework.boot.SpringApplication.refresh(SpringApplication.java:666) ~[spring-boot-1.5.22.RELEASE.jar:1.5.22.RELEASE]
	at org.springframework.boot.SpringApplication.refreshContext(SpringApplication.java:353) ~[spring-boot-1.5.22.RELEASE.jar:1.5.22.RELEASE]
	at org.springframework.boot.SpringApplication.run(SpringApplication.java:300) ~[spring-boot-1.5.22.RELEASE.jar:1.5.22.RELEASE]
	at org.springframework.boot.builder.SpringApplicationBuilder.run(SpringApplicationBuilder.java:135) ~[spring-boot-1.5.22.RELEASE.jar:1.5.22.RELEASE]
	at org.springframework.cloud.bootstrap.BootstrapApplicationListener.bootstrapServiceContext(BootstrapApplicationListener.java:175) ~[spring-cloud-context-1.2.5.RELEASE.jar:1.2.5.RELEASE]
	at org.springframework.cloud.bootstrap.BootstrapApplicationListener.onApplicationEvent(BootstrapApplicationListener.java:98) ~[spring-cloud-context-1.2.5.RELEASE.jar:1.2.5.RELEASE]
	at org.springframework.cloud.bootstrap.BootstrapApplicationListener.onApplicationEvent(BootstrapApplicationListener.java:64) ~[spring-cloud-context-1.2.5.RELEASE.jar:1.2.5.RELEASE]
	at org.springframework.context.event.SimpleApplicationEventMulticaster.doInvokeListener(SimpleApplicationEventMulticaster.java:172) ~[spring-context-4.3.25.RELEASE.jar:4.3.25.RELEASE]
	at org.springframework.context.event.SimpleApplicationEventMulticaster.invokeListener(SimpleApplicationEventMulticaster.java:165) ~[spring-context-4.3.25.RELEASE.jar:4.3.25.RELEASE]
	at org.springframework.context.event.SimpleApplicationEventMulticaster.multicastEvent(SimpleApplicationEventMulticaster.java:139) ~[spring-context-4.3.25.RELEASE.jar:4.3.25.RELEASE]
	at org.springframework.context.event.SimpleApplicationEventMulticaster.multicastEvent(SimpleApplicationEventMulticaster.java:122) ~[spring-context-4.3.25.RELEASE.jar:4.3.25.RELEASE]
	at org.springframework.boot.context.event.EventPublishingRunListener.environmentPrepared(EventPublishingRunListener.java:75) ~[spring-boot-1.5.22.RELEASE.jar:1.5.22.RELEASE]
	at org.springframework.boot.SpringApplicationRunListeners.environmentPrepared(SpringApplicationRunListeners.java:53) ~[spring-boot-1.5.22.RELEASE.jar:1.5.22.RELEASE]
	at org.springframework.boot.SpringApplication.prepareEnvironment(SpringApplication.java:320) ~[spring-boot-1.5.22.RELEASE.jar:1.5.22.RELEASE]
	at org.springframework.boot.SpringApplication.run(SpringApplication.java:295) ~[spring-boot-1.5.22.RELEASE.jar:1.5.22.RELEASE]
	at org.springframework.boot.test.context.SpringBootContextLoader.loadContext(SpringBootContextLoader.java:118) ~[spring-boot-test-1.5.22.RELEASE.jar:1.5.22.RELEASE]
	at org.springframework.test.context.cache.DefaultCacheAwareContextLoaderDelegate.loadContextInternal(DefaultCacheAwareContextLoaderDelegate.java:98) ~[spring-test-4.3.25.RELEASE.jar:4.3.25.RELEASE]
	at org.springframework.test.context.cache.DefaultCacheAwareContextLoaderDelegate.loadContext(DefaultCacheAwareContextLoaderDelegate.java:116) ~[spring-test-4.3.25.RELEASE.jar:4.3.25.RELEASE]
	at org.springframework.test.context.support.DefaultTestContext.getApplicationContext(DefaultTestContext.java:83) ~[spring-test-4.3.25.RELEASE.jar:4.3.25.RELEASE]
	at org.springframework.test.context.support.DependencyInjectionTestExecutionListener.injectDependencies(DependencyInjectionTestExecutionListener.java:117) ~[spring-test-4.3.25.RELEASE.jar:4.3.25.RELEASE]
	at org.springframework.test.context.support.DependencyInjectionTestExecutionListener.prepareTestInstance(DependencyInjectionTestExecutionListener.java:83) ~[spring-test-4.3.25.RELEASE.jar:4.3.25.RELEASE]
	at org.springframework.boot.test.autoconfigure.SpringBootDependencyInjectionTestExecutionListener.prepareTestInstance(SpringBootDependencyInjectionTestExecutionListener.java:43) ~[spring-boot-test-autoconfigure-1.5.22.RELEASE.jar:1.5.22.RELEASE]
	at org.springframework.test.context.TestContextManager.prepareTestInstance(TestContextManager.java:230) ~[spring-test-4.3.25.RELEASE.jar:4.3.25.RELEASE]
	at org.springframework.test.context.junit4.SpringJUnit4ClassRunner.createTest(SpringJUnit4ClassRunner.java:228) ~[spring-test-4.3.25.RELEASE.jar:4.3.25.RELEASE]
	at org.springframework.test.context.junit4.SpringJUnit4ClassRunner$1.runReflectiveCall(SpringJUnit4ClassRunner.java:287) ~[spring-test-4.3.25.RELEASE.jar:4.3.25.RELEASE]
	at org.junit.internal.runners.model.ReflectiveCallable.run(ReflectiveCallable.java:12) ~[junit-4.12.jar:4.12]
	at org.springframework.test.context.junit4.SpringJUnit4ClassRunner.methodBlock(SpringJUnit4ClassRunner.java:289) ~[spring-test-4.3.25.RELEASE.jar:4.3.25.RELEASE]
	at org.springframework.test.context.junit4.SpringJUnit4ClassRunner.runChild(SpringJUnit4ClassRunner.java:247) ~[spring-test-4.3.25.RELEASE.jar:4.3.25.RELEASE]
	at org.springframework.test.context.junit4.SpringJUnit4ClassRunner.runChild(SpringJUnit4ClassRunner.java:94) ~[spring-test-4.3.25.RELEASE.jar:4.3.25.RELEASE]
	at org.junit.runners.ParentRunner$3.run(ParentRunner.java:290) ~[junit-4.12.jar:4.12]
	at org.junit.runners.ParentRunner$1.schedule(ParentRunner.java:71) ~[junit-4.12.jar:4.12]
	at org.junit.runners.ParentRunner.runChildren(ParentRunner.java:288) ~[junit-4.12.jar:4.12]
	at org.junit.runners.ParentRunner.access$000(ParentRunner.java:58) ~[junit-4.12.jar:4.12]
	at org.junit.runners.ParentRunner$2.evaluate(ParentRunner.java:268) ~[junit-4.12.jar:4.12]
	at org.springframework.test.context.junit4.statements.RunBeforeTestClassCallbacks.evaluate(RunBeforeTestClassCallbacks.java:61) ~[spring-test-4.3.25.RELEASE.jar:4.3.25.RELEASE]
	at org.springframework.test.context.junit4.statements.RunAfterTestClassCallbacks.evaluate(RunAfterTestClassCallbacks.java:70) ~[spring-test-4.3.25.RELEASE.jar:4.3.25.RELEASE]
	at org.junit.runners.ParentRunner.run(ParentRunner.java:363) ~[junit-4.12.jar:4.12]
	at org.springframework.test.context.junit4.SpringJUnit4ClassRunner.run(SpringJUnit4ClassRunner.java:191) ~[spring-test-4.3.25.RELEASE.jar:4.3.25.RELEASE]
	at org.apache.maven.surefire.junit4.JUnit4Provider.execute(JUnit4Provider.java:367) ~[surefire-junit4-2.19.1.jar:2.19.1]
	at org.apache.maven.surefire.junit4.JUnit4Provider.executeWithRerun(JUnit4Provider.java:274) ~[surefire-junit4-2.19.1.jar:2.19.1]
	at org.apache.maven.surefire.junit4.JUnit4Provider.executeTestSet(JUnit4Provider.java:238) ~[surefire-junit4-2.19.1.jar:2.19.1]
	at org.apache.maven.surefire.junit4.JUnit4Provider.invoke(JUnit4Provider.java:161) ~[surefire-junit4-2.19.1.jar:2.19.1]
	at org.apache.maven.surefire.booter.ForkedBooter.invokeProviderInSameClassLoader(ForkedBooter.java:290) ~[surefire-booter-2.19.1.jar:2.19.1]
	at org.apache.maven.surefire.booter.ForkedBooter.runSuitesInProcess(ForkedBooter.java:242) ~[surefire-booter-2.19.1.jar:2.19.1]
	at org.apache.maven.surefire.booter.ForkedBooter.main(ForkedBooter.java:121) ~[surefire-booter-2.19.1.jar:2.19.1]
Caused by: java.lang.ExceptionInInitializerError: null
	at org.springframework.context.annotation.ConfigurationClassEnhancer.newEnhancer(ConfigurationClassEnhancer.java:122) ~[spring-context-4.3.25.RELEASE.jar:4.3.25.RELEASE]
	at org.springframework.context.annotation.ConfigurationClassEnhancer.enhance(ConfigurationClassEnhancer.java:110) ~[spring-context-4.3.25.RELEASE.jar:4.3.25.RELEASE]
	at org.springframework.context.annotation.ConfigurationClassPostProcessor.enhanceConfigurationClasses(ConfigurationClassPostProcessor.java:394) ~[spring-context-4.3.25.RELEASE.jar:4.3.25.RELEASE]
	... 50 common frames omitted
Caused by: org.springframework.cglib.core.CodeGenerationException: java.lang.reflect.InaccessibleObjectException-->Unable to make protected final java.lang.Class java.lang.ClassLoader.defineClass(java.lang.String,byte[],int,int,java.security.ProtectionDomain) throws java.lang.ClassFormatError accessible: module java.base does not "opens java.lang" to unnamed module @880ec60
	at org.springframework.cglib.core.ReflectUtils.defineClass(ReflectUtils.java:464) ~[spring-core-4.3.25.RELEASE.jar:4.3.25.RELEASE]
	at org.springframework.cglib.core.AbstractClassGenerator.generate(AbstractClassGenerator.java:336) ~[spring-core-4.3.25.RELEASE.jar:4.3.25.RELEASE]
	at org.springframework.cglib.core.AbstractClassGenerator$ClassLoaderData$3.apply(AbstractClassGenerator.java:93) ~[spring-core-4.3.25.RELEASE.jar:4.3.25.RELEASE]
	at org.springframework.cglib.core.AbstractClassGenerator$ClassLoaderData$3.apply(AbstractClassGenerator.java:91) ~[spring-core-4.3.25.RELEASE.jar:4.3.25.RELEASE]
	at org.springframework.cglib.core.internal.LoadingCache$2.call(LoadingCache.java:54) ~[spring-core-4.3.25.RELEASE.jar:4.3.25.RELEASE]
	at java.base/java.util.concurrent.FutureTask.run(FutureTask.java:264) ~[na:na]
	at org.springframework.cglib.core.internal.LoadingCache.createEntry(LoadingCache.java:61) ~[spring-core-4.3.25.RELEASE.jar:4.3.25.RELEASE]
	at org.springframework.cglib.core.internal.LoadingCache.get(LoadingCache.java:34) ~[spring-core-4.3.25.RELEASE.jar:4.3.25.RELEASE]
	at org.springframework.cglib.core.AbstractClassGenerator$ClassLoaderData.get(AbstractClassGenerator.java:116) ~[spring-core-4.3.25.RELEASE.jar:4.3.25.RELEASE]
	at org.springframework.cglib.core.AbstractClassGenerator.create(AbstractClassGenerator.java:291) ~[spring-core-4.3.25.RELEASE.jar:4.3.25.RELEASE]
	at org.springframework.cglib.core.KeyFactory$Generator.create(KeyFactory.java:221) ~[spring-core-4.3.25.RELEASE.jar:4.3.25.RELEASE]
	at org.springframework.cglib.core.KeyFactory.create(KeyFactory.java:174) ~[spring-core-4.3.25.RELEASE.jar:4.3.25.RELEASE]
	at org.springframework.cglib.core.KeyFactory.create(KeyFactory.java:153) ~[spring-core-4.3.25.RELEASE.jar:4.3.25.RELEASE]
	at org.springframework.cglib.proxy.Enhancer.<clinit>(Enhancer.java:73) ~[spring-core-4.3.25.RELEASE.jar:4.3.25.RELEASE]
	... 53 common frames omitted
Caused by: java.lang.reflect.InaccessibleObjectException: Unable to make protected final java.lang.Class java.lang.ClassLoader.defineClass(java.lang.String,byte[],int,int,java.security.ProtectionDomain) throws java.lang.ClassFormatError accessible: module java.base does not "opens java.lang" to unnamed module @880ec60
	at java.base/java.lang.reflect.AccessibleObject.checkCanSetAccessible(AccessibleObject.java:354) ~[na:na]
	at java.base/java.lang.reflect.AccessibleObject.checkCanSetAccessible(AccessibleObject.java:297) ~[na:na]
	at java.base/java.lang.reflect.Method.checkCanSetAccessible(Method.java:199) ~[na:na]
	at java.base/java.lang.reflect.Method.setAccessible(Method.java:193) ~[na:na]
	at org.springframework.cglib.core.ReflectUtils$1.run(ReflectUtils.java:61) ~[spring-core-4.3.25.RELEASE.jar:4.3.25.RELEASE]
	at java.base/java.security.AccessController.doPrivileged(AccessController.java:569) ~[na:na]
	at org.springframework.cglib.core.ReflectUtils.<clinit>(ReflectUtils.java:52) ~[spring-core-4.3.25.RELEASE.jar:4.3.25.RELEASE]
	at org.springframework.cglib.core.KeyFactory$Generator.generateClass(KeyFactory.java:243) ~[spring-core-4.3.25.RELEASE.jar:4.3.25.RELEASE]
	at org.springframework.cglib.core.DefaultGeneratorStrategy.generate(DefaultGeneratorStrategy.java:25) ~[spring-core-4.3.25.RELEASE.jar:4.3.25.RELEASE]
	at org.springframework.cglib.core.AbstractClassGenerator.generate(AbstractClassGenerator.java:329) ~[spring-core-4.3.25.RELEASE.jar:4.3.25.RELEASE]
	... 65 common frames omitted

2024-04-23 18:41:46.667  INFO 13440 --- [           main] s.c.a.AnnotationConfigApplicationContext : Closing org.springframework.context.annotation.AnnotationConfigApplicationContext@797cf65c: startup date [Tue Apr 23 18:41:46 IST 2024]; root of context hierarchy
2024-04-23 18:41:46.674 ERROR 13440 --- [           main] o.s.boot.SpringApplication               : Application startup failed

java.lang.IllegalStateException: Cannot load configuration class: org.springframework.cloud.bootstrap.config.PropertySourceBootstrapConfiguration
	at org.springframework.context.annotation.ConfigurationClassPostProcessor.enhanceConfigurationClasses(ConfigurationClassPostProcessor.java:404) ~[spring-context-4.3.25.RELEASE.jar:4.3.25.RELEASE]
	at org.springframework.context.annotation.ConfigurationClassPostProcessor.postProcessBeanFactory(ConfigurationClassPostProcessor.java:249) ~[spring-context-4.3.25.RELEASE.jar:4.3.25.RELEASE]
	at org.springframework.context.support.PostProcessorRegistrationDelegate.invokeBeanFactoryPostProcessors(PostProcessorRegistrationDelegate.java:283) ~[spring-context-4.3.25.RELEASE.jar:4.3.25.RELEASE]
	at org.springframework.context.support.PostProcessorRegistrationDelegate.invokeBeanFactoryPostProcessors(PostProcessorRegistrationDelegate.java:127) ~[spring-context-4.3.25.RELEASE.jar:4.3.25.RELEASE]
	at org.springframework.context.support.AbstractApplicationContext.invokeBeanFactoryPostProcessors(AbstractApplicationContext.java:687) ~[spring-context-4.3.25.RELEASE.jar:4.3.25.RELEASE]
	at org.springframework.context.support.AbstractApplicationContext.refresh(AbstractApplicationContext.java:524) ~[spring-context-4.3.25.RELEASE.jar:4.3.25.RELEASE]
	at org.springframework.boot.SpringApplication.refresh(SpringApplication.java:666) ~[spring-boot-1.5.22.RELEASE.jar:1.5.22.RELEASE]
	at org.springframework.boot.SpringApplication.refreshContext(SpringApplication.java:353) ~[spring-boot-1.5.22.RELEASE.jar:1.5.22.RELEASE]
	at org.springframework.boot.SpringApplication.run(SpringApplication.java:300) ~[spring-boot-1.5.22.RELEASE.jar:1.5.22.RELEASE]
	at org.springframework.boot.builder.SpringApplicationBuilder.run(SpringApplicationBuilder.java:135) ~[spring-boot-1.5.22.RELEASE.jar:1.5.22.RELEASE]
	at org.springframework.cloud.bootstrap.BootstrapApplicationListener.bootstrapServiceContext(BootstrapApplicationListener.java:175) ~[spring-cloud-context-1.2.5.RELEASE.jar:1.2.5.RELEASE]
	at org.springframework.cloud.bootstrap.BootstrapApplicationListener.onApplicationEvent(BootstrapApplicationListener.java:98) ~[spring-cloud-context-1.2.5.RELEASE.jar:1.2.5.RELEASE]
	at org.springframework.cloud.bootstrap.BootstrapApplicationListener.onApplicationEvent(BootstrapApplicationListener.java:64) ~[spring-cloud-context-1.2.5.RELEASE.jar:1.2.5.RELEASE]
	at org.springframework.context.event.SimpleApplicationEventMulticaster.doInvokeListener(SimpleApplicationEventMulticaster.java:172) ~[spring-context-4.3.25.RELEASE.jar:4.3.25.RELEASE]
	at org.springframework.context.event.SimpleApplicationEventMulticaster.invokeListener(SimpleApplicationEventMulticaster.java:165) ~[spring-context-4.3.25.RELEASE.jar:4.3.25.RELEASE]
	at org.springframework.context.event.SimpleApplicationEventMulticaster.multicastEvent(SimpleApplicationEventMulticaster.java:139) ~[spring-context-4.3.25.RELEASE.jar:4.3.25.RELEASE]
	at org.springframework.context.event.SimpleApplicationEventMulticaster.multicastEvent(SimpleApplicationEventMulticaster.java:122) ~[spring-context-4.3.25.RELEASE.jar:4.3.25.RELEASE]
	at org.springframework.boot.context.event.EventPublishingRunListener.environmentPrepared(EventPublishingRunListener.java:75) ~[spring-boot-1.5.22.RELEASE.jar:1.5.22.RELEASE]
	at org.springframework.boot.SpringApplicationRunListeners.environmentPrepared(SpringApplicationRunListeners.java:53) ~[spring-boot-1.5.22.RELEASE.jar:1.5.22.RELEASE]
	at org.springframework.boot.SpringApplication.prepareEnvironment(SpringApplication.java:320) ~[spring-boot-1.5.22.RELEASE.jar:1.5.22.RELEASE]
	at org.springframework.boot.SpringApplication.run(SpringApplication.java:295) ~[spring-boot-1.5.22.RELEASE.jar:1.5.22.RELEASE]
	at org.springframework.boot.test.context.SpringBootContextLoader.loadContext(SpringBootContextLoader.java:118) ~[spring-boot-test-1.5.22.RELEASE.jar:1.5.22.RELEASE]
	at org.springframework.test.context.cache.DefaultCacheAwareContextLoaderDelegate.loadContextInternal(DefaultCacheAwareContextLoaderDelegate.java:98) ~[spring-test-4.3.25.RELEASE.jar:4.3.25.RELEASE]
	at org.springframework.test.context.cache.DefaultCacheAwareContextLoaderDelegate.loadContext(DefaultCacheAwareContextLoaderDelegate.java:116) ~[spring-test-4.3.25.RELEASE.jar:4.3.25.RELEASE]
	at org.springframework.test.context.support.DefaultTestContext.getApplicationContext(DefaultTestContext.java:83) ~[spring-test-4.3.25.RELEASE.jar:4.3.25.RELEASE]
	at org.springframework.test.context.support.DependencyInjectionTestExecutionListener.injectDependencies(DependencyInjectionTestExecutionListener.java:117) ~[spring-test-4.3.25.RELEASE.jar:4.3.25.RELEASE]
	at org.springframework.test.context.support.DependencyInjectionTestExecutionListener.prepareTestInstance(DependencyInjectionTestExecutionListener.java:83) ~[spring-test-4.3.25.RELEASE.jar:4.3.25.RELEASE]
	at org.springframework.boot.test.autoconfigure.SpringBootDependencyInjectionTestExecutionListener.prepareTestInstance(SpringBootDependencyInjectionTestExecutionListener.java:43) ~[spring-boot-test-autoconfigure-1.5.22.RELEASE.jar:1.5.22.RELEASE]
	at org.springframework.test.context.TestContextManager.prepareTestInstance(TestContextManager.java:230) ~[spring-test-4.3.25.RELEASE.jar:4.3.25.RELEASE]
	at org.springframework.test.context.junit4.SpringJUnit4ClassRunner.createTest(SpringJUnit4ClassRunner.java:228) ~[spring-test-4.3.25.RELEASE.jar:4.3.25.RELEASE]
	at org.springframework.test.context.junit4.SpringJUnit4ClassRunner$1.runReflectiveCall(SpringJUnit4ClassRunner.java:287) ~[spring-test-4.3.25.RELEASE.jar:4.3.25.RELEASE]
	at org.junit.internal.runners.model.ReflectiveCallable.run(ReflectiveCallable.java:12) ~[junit-4.12.jar:4.12]
	at org.springframework.test.context.junit4.SpringJUnit4ClassRunner.methodBlock(SpringJUnit4ClassRunner.java:289) ~[spring-test-4.3.25.RELEASE.jar:4.3.25.RELEASE]
	at org.springframework.test.context.junit4.SpringJUnit4ClassRunner.runChild(SpringJUnit4ClassRunner.java:247) ~[spring-test-4.3.25.RELEASE.jar:4.3.25.RELEASE]
	at org.springframework.test.context.junit4.SpringJUnit4ClassRunner.runChild(SpringJUnit4ClassRunner.java:94) ~[spring-test-4.3.25.RELEASE.jar:4.3.25.RELEASE]
	at org.junit.runners.ParentRunner$3.run(ParentRunner.java:290) ~[junit-4.12.jar:4.12]
	at org.junit.runners.ParentRunner$1.schedule(ParentRunner.java:71) ~[junit-4.12.jar:4.12]
	at org.junit.runners.ParentRunner.runChildren(ParentRunner.java:288) ~[junit-4.12.jar:4.12]
	at org.junit.runners.ParentRunner.access$000(ParentRunner.java:58) ~[junit-4.12.jar:4.12]
	at org.junit.runners.ParentRunner$2.evaluate(ParentRunner.java:268) ~[junit-4.12.jar:4.12]
	at org.springframework.test.context.junit4.statements.RunBeforeTestClassCallbacks.evaluate(RunBeforeTestClassCallbacks.java:61) ~[spring-test-4.3.25.RELEASE.jar:4.3.25.RELEASE]
	at org.springframework.test.context.junit4.statements.RunAfterTestClassCallbacks.evaluate(RunAfterTestClassCallbacks.java:70) ~[spring-test-4.3.25.RELEASE.jar:4.3.25.RELEASE]
	at org.junit.runners.ParentRunner.run(ParentRunner.java:363) ~[junit-4.12.jar:4.12]
	at org.springframework.test.context.junit4.SpringJUnit4ClassRunner.run(SpringJUnit4ClassRunner.java:191) ~[spring-test-4.3.25.RELEASE.jar:4.3.25.RELEASE]
	at org.apache.maven.surefire.junit4.JUnit4Provider.execute(JUnit4Provider.java:367) ~[surefire-junit4-2.19.1.jar:2.19.1]
	at org.apache.maven.surefire.junit4.JUnit4Provider.executeWithRerun(JUnit4Provider.java:274) ~[surefire-junit4-2.19.1.jar:2.19.1]
	at org.apache.maven.surefire.junit4.JUnit4Provider.executeTestSet(JUnit4Provider.java:238) ~[surefire-junit4-2.19.1.jar:2.19.1]
	at org.apache.maven.surefire.junit4.JUnit4Provider.invoke(JUnit4Provider.java:161) ~[surefire-junit4-2.19.1.jar:2.19.1]
	at org.apache.maven.surefire.booter.ForkedBooter.invokeProviderInSameClassLoader(ForkedBooter.java:290) ~[surefire-booter-2.19.1.jar:2.19.1]
	at org.apache.maven.surefire.booter.ForkedBooter.runSuitesInProcess(ForkedBooter.java:242) ~[surefire-booter-2.19.1.jar:2.19.1]
	at org.apache.maven.surefire.booter.ForkedBooter.main(ForkedBooter.java:121) ~[surefire-booter-2.19.1.jar:2.19.1]
Caused by: java.lang.ExceptionInInitializerError: null
	at org.springframework.context.annotation.ConfigurationClassEnhancer.newEnhancer(ConfigurationClassEnhancer.java:122) ~[spring-context-4.3.25.RELEASE.jar:4.3.25.RELEASE]
	at org.springframework.context.annotation.ConfigurationClassEnhancer.enhance(ConfigurationClassEnhancer.java:110) ~[spring-context-4.3.25.RELEASE.jar:4.3.25.RELEASE]
	at org.springframework.context.annotation.ConfigurationClassPostProcessor.enhanceConfigurationClasses(ConfigurationClassPostProcessor.java:394) ~[spring-context-4.3.25.RELEASE.jar:4.3.25.RELEASE]
	... 50 common frames omitted
Caused by: org.springframework.cglib.core.CodeGenerationException: java.lang.reflect.InaccessibleObjectException-->Unable to make protected final java.lang.Class java.lang.ClassLoader.defineClass(java.lang.String,byte[],int,int,java.security.ProtectionDomain) throws java.lang.ClassFormatError accessible: module java.base does not "opens java.lang" to unnamed module @880ec60
	at org.springframework.cglib.core.ReflectUtils.defineClass(ReflectUtils.java:464) ~[spring-core-4.3.25.RELEASE.jar:4.3.25.RELEASE]
	at org.springframework.cglib.core.AbstractClassGenerator.generate(AbstractClassGenerator.java:336) ~[spring-core-4.3.25.RELEASE.jar:4.3.25.RELEASE]
	at org.springframework.cglib.core.AbstractClassGenerator$ClassLoaderData$3.apply(AbstractClassGenerator.java:93) ~[spring-core-4.3.25.RELEASE.jar:4.3.25.RELEASE]
	at org.springframework.cglib.core.AbstractClassGenerator$ClassLoaderData$3.apply(AbstractClassGenerator.java:91) ~[spring-core-4.3.25.RELEASE.jar:4.3.25.RELEASE]
	at org.springframework.cglib.core.internal.LoadingCache$2.call(LoadingCache.java:54) ~[spring-core-4.3.25.RELEASE.jar:4.3.25.RELEASE]
	at java.base/java.util.concurrent.FutureTask.run(FutureTask.java:264) ~[na:na]
	at org.springframework.cglib.core.internal.LoadingCache.createEntry(LoadingCache.java:61) ~[spring-core-4.3.25.RELEASE.jar:4.3.25.RELEASE]
	at org.springframework.cglib.core.internal.LoadingCache.get(LoadingCache.java:34) ~[spring-core-4.3.25.RELEASE.jar:4.3.25.RELEASE]
	at org.springframework.cglib.core.AbstractClassGenerator$ClassLoaderData.get(AbstractClassGenerator.java:116) ~[spring-core-4.3.25.RELEASE.jar:4.3.25.RELEASE]
	at org.springframework.cglib.core.AbstractClassGenerator.create(AbstractClassGenerator.java:291) ~[spring-core-4.3.25.RELEASE.jar:4.3.25.RELEASE]
	at org.springframework.cglib.core.KeyFactory$Generator.create(KeyFactory.java:221) ~[spring-core-4.3.25.RELEASE.jar:4.3.25.RELEASE]
	at org.springframework.cglib.core.KeyFactory.create(KeyFactory.java:174) ~[spring-core-4.3.25.RELEASE.jar:4.3.25.RELEASE]
	at org.springframework.cglib.core.KeyFactory.create(KeyFactory.java:153) ~[spring-core-4.3.25.RELEASE.jar:4.3.25.RELEASE]
	at org.springframework.cglib.proxy.Enhancer.<clinit>(Enhancer.java:73) ~[spring-core-4.3.25.RELEASE.jar:4.3.25.RELEASE]
	... 53 common frames omitted
Caused by: java.lang.reflect.InaccessibleObjectException: Unable to make protected final java.lang.Class java.lang.ClassLoader.defineClass(java.lang.String,byte[],int,int,java.security.ProtectionDomain) throws java.lang.ClassFormatError accessible: module java.base does not "opens java.lang" to unnamed module @880ec60
	at java.base/java.lang.reflect.AccessibleObject.checkCanSetAccessible(AccessibleObject.java:354) ~[na:na]
	at java.base/java.lang.reflect.AccessibleObject.checkCanSetAccessible(AccessibleObject.java:297) ~[na:na]
	at java.base/java.lang.reflect.Method.checkCanSetAccessible(Method.java:199) ~[na:na]
	at java.base/java.lang.reflect.Method.setAccessible(Method.java:193) ~[na:na]
	at org.springframework.cglib.core.ReflectUtils$1.run(ReflectUtils.java:61) ~[spring-core-4.3.25.RELEASE.jar:4.3.25.RELEASE]
	at java.base/java.security.AccessController.doPrivileged(AccessController.java:569) ~[na:na]
	at org.springframework.cglib.core.ReflectUtils.<clinit>(ReflectUtils.java:52) ~[spring-core-4.3.25.RELEASE.jar:4.3.25.RELEASE]
	at org.springframework.cglib.core.KeyFactory$Generator.generateClass(KeyFactory.java:243) ~[spring-core-4.3.25.RELEASE.jar:4.3.25.RELEASE]
	at org.springframework.cglib.core.DefaultGeneratorStrategy.generate(DefaultGeneratorStrategy.java:25) ~[spring-core-4.3.25.RELEASE.jar:4.3.25.RELEASE]
	at org.springframework.cglib.core.AbstractClassGenerator.generate(AbstractClassGenerator.java:329) ~[spring-core-4.3.25.RELEASE.jar:4.3.25.RELEASE]
	... 65 common frames omitted

2024-04-23 18:41:46.931  INFO 13440 --- [           main] o.s.core.annotation.AnnotationUtils      : Failed to introspect annotations on class org.springframework.cloud.netflix.eureka.config.EurekaDiscoveryClientConfigServiceBootstrapConfiguration: java.lang.IllegalStateException: Could not obtain annotation attribute value for public abstract java.lang.Class[] org.springframework.boot.autoconfigure.condition.ConditionalOnClass.value()
2024-04-23 18:41:46.933  INFO 13440 --- [           main] s.c.a.AnnotationConfigApplicationContext : Refreshing org.springframework.context.annotation.AnnotationConfigApplicationContext@726a17c4: startup date [Tue Apr 23 18:41:46 IST 2024]; root of context hierarchy
2024-04-23 18:41:46.955 ERROR 13440 --- [           main] o.s.boot.SpringApplication               : Application startup failed

java.lang.IllegalStateException: Cannot load configuration class: org.springframework.cloud.bootstrap.config.PropertySourceBootstrapConfiguration
	at org.springframework.context.annotation.ConfigurationClassPostProcessor.enhanceConfigurationClasses(ConfigurationClassPostProcessor.java:404) ~[spring-context-4.3.25.RELEASE.jar:4.3.25.RELEASE]
	at org.springframework.context.annotation.ConfigurationClassPostProcessor.postProcessBeanFactory(ConfigurationClassPostProcessor.java:249) ~[spring-context-4.3.25.RELEASE.jar:4.3.25.RELEASE]
	at org.springframework.context.support.PostProcessorRegistrationDelegate.invokeBeanFactoryPostProcessors(PostProcessorRegistrationDelegate.java:283) ~[spring-context-4.3.25.RELEASE.jar:4.3.25.RELEASE]
	at org.springframework.context.support.PostProcessorRegistrationDelegate.invokeBeanFactoryPostProcessors(PostProcessorRegistrationDelegate.java:127) ~[spring-context-4.3.25.RELEASE.jar:4.3.25.RELEASE]
	at org.springframework.context.support.AbstractApplicationContext.invokeBeanFactoryPostProcessors(AbstractApplicationContext.java:687) ~[spring-context-4.3.25.RELEASE.jar:4.3.25.RELEASE]
	at org.springframework.context.support.AbstractApplicationContext.refresh(AbstractApplicationContext.java:524) ~[spring-context-4.3.25.RELEASE.jar:4.3.25.RELEASE]
	at org.springframework.boot.SpringApplication.refresh(SpringApplication.java:666) ~[spring-boot-1.5.22.RELEASE.jar:1.5.22.RELEASE]
	at org.springframework.boot.SpringApplication.refreshContext(SpringApplication.java:353) ~[spring-boot-1.5.22.RELEASE.jar:1.5.22.RELEASE]
	at org.springframework.boot.SpringApplication.run(SpringApplication.java:300) ~[spring-boot-1.5.22.RELEASE.jar:1.5.22.RELEASE]
	at org.springframework.boot.builder.SpringApplicationBuilder.run(SpringApplicationBuilder.java:135) ~[spring-boot-1.5.22.RELEASE.jar:1.5.22.RELEASE]
	at org.springframework.cloud.bootstrap.BootstrapApplicationListener.bootstrapServiceContext(BootstrapApplicationListener.java:175) ~[spring-cloud-context-1.2.5.RELEASE.jar:1.2.5.RELEASE]
	at org.springframework.cloud.bootstrap.BootstrapApplicationListener.onApplicationEvent(BootstrapApplicationListener.java:98) ~[spring-cloud-context-1.2.5.RELEASE.jar:1.2.5.RELEASE]
	at org.springframework.cloud.bootstrap.BootstrapApplicationListener.onApplicationEvent(BootstrapApplicationListener.java:64) ~[spring-cloud-context-1.2.5.RELEASE.jar:1.2.5.RELEASE]
	at org.springframework.context.event.SimpleApplicationEventMulticaster.doInvokeListener(SimpleApplicationEventMulticaster.java:172) ~[spring-context-4.3.25.RELEASE.jar:4.3.25.RELEASE]
	at org.springframework.context.event.SimpleApplicationEventMulticaster.invokeListener(SimpleApplicationEventMulticaster.java:165) ~[spring-context-4.3.25.RELEASE.jar:4.3.25.RELEASE]
	at org.springframework.context.event.SimpleApplicationEventMulticaster.multicastEvent(SimpleApplicationEventMulticaster.java:139) ~[spring-context-4.3.25.RELEASE.jar:4.3.25.RELEASE]
	at org.springframework.context.event.SimpleApplicationEventMulticaster.multicastEvent(SimpleApplicationEventMulticaster.java:122) ~[spring-context-4.3.25.RELEASE.jar:4.3.25.RELEASE]
	at org.springframework.boot.context.event.EventPublishingRunListener.environmentPrepared(EventPublishingRunListener.java:75) ~[spring-boot-1.5.22.RELEASE.jar:1.5.22.RELEASE]
	at org.springframework.boot.SpringApplicationRunListeners.environmentPrepared(SpringApplicationRunListeners.java:53) ~[spring-boot-1.5.22.RELEASE.jar:1.5.22.RELEASE]
	at org.springframework.boot.SpringApplication.prepareEnvironment(SpringApplication.java:320) ~[spring-boot-1.5.22.RELEASE.jar:1.5.22.RELEASE]
[...]
	at org.springframework.cglib.core.internal.LoadingCache$2.call(LoadingCache.java:54) ~[spring-core-4.3.25.RELEASE.jar:4.3.25.RELEASE]
	at java.base/java.util.concurrent.FutureTask.run(FutureTask.java:264) ~[na:na]
	at org.springframework.cglib.core.internal.LoadingCache.createEntry(LoadingCache.java:61) ~[spring-core-4.3.25.RELEASE.jar:4.3.25.RELEASE]
	at org.springframework.cglib.core.internal.LoadingCache.get(LoadingCache.java:34) ~[spring-core-4.3.25.RELEASE.jar:4.3.25.RELEASE]
	at org.springframework.cglib.core.AbstractClassGenerator$ClassLoaderData.get(AbstractClassGenerator.java:116) ~[spring-core-4.3.25.RELEASE.jar:4.3.25.RELEASE]
	at org.springframework.cglib.core.AbstractClassGenerator.create(AbstractClassGenerator.java:291) ~[spring-core-4.3.25.RELEASE.jar:4.3.25.RELEASE]
	at org.springframework.cglib.core.KeyFactory$Generator.create(KeyFactory.java:221) ~[spring-core-4.3.25.RELEASE.jar:4.3.25.RELEASE]
	at org.springframework.cglib.core.KeyFactory.create(KeyFactory.java:174) ~[spring-core-4.3.25.RELEASE.jar:4.3.25.RELEASE]
	at org.springframework.cglib.core.KeyFactory.create(KeyFactory.java:153) ~[spring-core-4.3.25.RELEASE.jar:4.3.25.RELEASE]
	at org.springframework.cglib.proxy.Enhancer.<clinit>(Enhancer.java:73) ~[spring-core-4.3.25.RELEASE.jar:4.3.25.RELEASE]
	at org.springframework.context.annotation.ConfigurationClassEnhancer.newEnhancer(ConfigurationClassEnhancer.java:122) ~[spring-context-4.3.25.RELEASE.jar:4.3.25.RELEASE]
	at org.springframework.context.annotation.ConfigurationClassEnhancer.enhance(ConfigurationClassEnhancer.java:110) ~[spring-context-4.3.25.RELEASE.jar:4.3.25.RELEASE]
	at org.springframework.context.annotation.ConfigurationClassPostProcessor.enhanceConfigurationClasses(ConfigurationClassPostProcessor.java:394) ~[spring-context-4.3.25.RELEASE.jar:4.3.25.RELEASE]
	at org.springframework.context.annotation.ConfigurationClassPostProcessor.postProcessBeanFactory(ConfigurationClassPostProcessor.java:249) ~[spring-context-4.3.25.RELEASE.jar:4.3.25.RELEASE]
	at org.springframework.context.support.PostProcessorRegistrationDelegate.invokeBeanFactoryPostProcessors(PostProcessorRegistrationDelegate.java:283) ~[spring-context-4.3.25.RELEASE.jar:4.3.25.RELEASE]
	at org.springframework.context.support.PostProcessorRegistrationDelegate.invokeBeanFactoryPostProcessors(PostProcessorRegistrationDelegate.java:127) ~[spring-context-4.3.25.RELEASE.jar:4.3.25.RELEASE]
	at org.springframework.context.support.AbstractApplicationContext.invokeBeanFactoryPostProcessors(AbstractApplicationContext.java:687) ~[spring-context-4.3.25.RELEASE.jar:4.3.25.RELEASE]
	at org.springframework.context.support.AbstractApplicationContext.refresh(AbstractApplicationContext.java:524) ~[spring-context-4.3.25.RELEASE.jar:4.3.25.RELEASE]
	at org.springframework.boot.SpringApplication.refresh(SpringApplication.java:666) ~[spring-boot-1.5.22.RELEASE.jar:1.5.22.RELEASE]
	at org.springframework.boot.SpringApplication.refreshContext(SpringApplication.java:353) ~[spring-boot-1.5.22.RELEASE.jar:1.5.22.RELEASE]
	at org.springframework.boot.SpringApplication.run(SpringApplication.java:300) ~[spring-boot-1.5.22.RELEASE.jar:1.5.22.RELEASE]
	at org.springframework.boot.builder.SpringApplicationBuilder.run(SpringApplicationBuilder.java:135) ~[spring-boot-1.5.22.RELEASE.jar:1.5.22.RELEASE]
	at org.springframework.cloud.bootstrap.BootstrapApplicationListener.bootstrapServiceContext(BootstrapApplicationListener.java:175) ~[spring-cloud-context-1.2.5.RELEASE.jar:1.2.5.RELEASE]
	at org.springframework.cloud.bootstrap.BootstrapApplicationListener.onApplicationEvent(BootstrapApplicationListener.java:98) ~[spring-cloud-context-1.2.5.RELEASE.jar:1.2.5.RELEASE]
	at org.springframework.cloud.bootstrap.BootstrapApplicationListener.onApplicationEvent(BootstrapApplicationListener.java:64) ~[spring-cloud-context-1.2.5.RELEASE.jar:1.2.5.RELEASE]
	at org.springframework.context.event.SimpleApplicationEventMulticaster.doInvokeListener(SimpleApplicationEventMulticaster.java:172) ~[spring-context-4.3.25.RELEASE.jar:4.3.25.RELEASE]
	at org.springframework.context.event.SimpleApplicationEventMulticaster.invokeListener(SimpleApplicationEventMulticaster.java:165) ~[spring-context-4.3.25.RELEASE.jar:4.3.25.RELEASE]
	at org.springframework.context.event.SimpleApplicationEventMulticaster.multicastEvent(SimpleApplicationEventMulticaster.java:139) ~[spring-context-4.3.25.RELEASE.jar:4.3.25.RELEASE]
	at org.springframework.context.event.SimpleApplicationEventMulticaster.multicastEvent(SimpleApplicationEventMulticaster.java:122) ~[spring-context-4.3.25.RELEASE.jar:4.3.25.RELEASE]
	at org.springframework.boot.context.event.EventPublishingRunListener.environmentPrepared(EventPublishingRunListener.java:75) ~[spring-boot-1.5.22.RELEASE.jar:1.5.22.RELEASE]
	at org.springframework.boot.SpringApplicationRunListeners.environmentPrepared(SpringApplicationRunListeners.java:53) ~[spring-boot-1.5.22.RELEASE.jar:1.5.22.RELEASE]
	at org.springframework.boot.SpringApplication.prepareEnvironment(SpringApplication.java:320) ~[spring-boot-1.5.22.RELEASE.jar:1.5.22.RELEASE]
	at org.springframework.boot.SpringApplication.run(SpringApplication.java:295) ~[spring-boot-1.5.22.RELEASE.jar:1.5.22.RELEASE]
	at org.springframework.boot.test.context.SpringBootContextLoader.loadContext(SpringBootContextLoader.java:118) ~[spring-boot-test-1.5.22.RELEASE.jar:1.5.22.RELEASE]
	at org.springframework.test.context.cache.DefaultCacheAwareContextLoaderDelegate.loadContextInternal(DefaultCacheAwareContextLoaderDelegate.java:98) ~[spring-test-4.3.25.RELEASE.jar:4.3.25.RELEASE]
	at org.springframework.test.context.cache.DefaultCacheAwareContextLoaderDelegate.loadContext(DefaultCacheAwareContextLoaderDelegate.java:116) ~[spring-test-4.3.25.RELEASE.jar:4.3.25.RELEASE]
	at org.springframework.test.context.support.DefaultTestContext.getApplicationContext(DefaultTestContext.java:83) ~[spring-test-4.3.25.RELEASE.jar:4.3.25.RELEASE]
	at org.springframework.test.context.support.DependencyInjectionTestExecutionListener.injectDependencies(DependencyInjectionTestExecutionListener.java:117) ~[spring-test-4.3.25.RELEASE.jar:4.3.25.RELEASE]
	at org.springframework.test.context.support.DependencyInjectionTestExecutionListener.prepareTestInstance(DependencyInjectionTestExecutionListener.java:83) ~[spring-test-4.3.25.RELEASE.jar:4.3.25.RELEASE]
	at org.springframework.boot.test.autoconfigure.SpringBootDependencyInjectionTestExecutionListener.prepareTestInstance(SpringBootDependencyInjectionTestExecutionListener.java:43) ~[spring-boot-test-autoconfigure-1.5.22.RELEASE.jar:1.5.22.RELEASE]
	... 23 common frames omitted

2024-04-23 18:41:46.961 ERROR 13440 --- [           main] o.s.test.context.TestContextManager      : Caught exception while allowing TestExecutionListener [org.springframework.boot.test.autoconfigure.SpringBootDependencyInjectionTestExecutionListener@409bf450] to prepare test instance [uk.co.danielbryant.djshopping.shopfront.ShopfrontApplicationTests@2b71e916]

java.lang.IllegalStateException: Failed to load ApplicationContext
	at org.springframework.test.context.cache.DefaultCacheAwareContextLoaderDelegate.loadContext(DefaultCacheAwareContextLoaderDelegate.java:124) ~[spring-test-4.3.25.RELEASE.jar:4.3.25.RELEASE]
	at org.springframework.test.context.support.DefaultTestContext.getApplicationContext(DefaultTestContext.java:83) ~[spring-test-4.3.25.RELEASE.jar:4.3.25.RELEASE]
	at org.springframework.test.context.support.DependencyInjectionTestExecutionListener.injectDependencies(DependencyInjectionTestExecutionListener.java:117) ~[spring-test-4.3.25.RELEASE.jar:4.3.25.RELEASE]
	at org.springframework.test.context.support.DependencyInjectionTestExecutionListener.prepareTestInstance(DependencyInjectionTestExecutionListener.java:83) ~[spring-test-4.3.25.RELEASE.jar:4.3.25.RELEASE]
	at org.springframework.boot.test.autoconfigure.SpringBootDependencyInjectionTestExecutionListener.prepareTestInstance(SpringBootDependencyInjectionTestExecutionListener.java:43) ~[spring-boot-test-autoconfigure-1.5.22.RELEASE.jar:1.5.22.RELEASE]
	at org.springframework.test.context.TestContextManager.prepareTestInstance(TestContextManager.java:230) ~[spring-test-4.3.25.RELEASE.jar:4.3.25.RELEASE]
	at org.springframework.test.context.junit4.SpringJUnit4ClassRunner.createTest(SpringJUnit4ClassRunner.java:228) ~[spring-test-4.3.25.RELEASE.jar:4.3.25.RELEASE]
	at org.springframework.test.context.junit4.SpringJUnit4ClassRunner$1.runReflectiveCall(SpringJUnit4ClassRunner.java:287) ~[spring-test-4.3.25.RELEASE.jar:4.3.25.RELEASE]
	at org.junit.internal.runners.model.ReflectiveCallable.run(ReflectiveCallable.java:12) ~[junit-4.12.jar:4.12]
	at org.springframework.test.context.junit4.SpringJUnit4ClassRunner.methodBlock(SpringJUnit4ClassRunner.java:289) ~[spring-test-4.3.25.RELEASE.jar:4.3.25.RELEASE]
	at org.springframework.test.context.junit4.SpringJUnit4ClassRunner.runChild(SpringJUnit4ClassRunner.java:247) ~[spring-test-4.3.25.RELEASE.jar:4.3.25.RELEASE]
	at org.springframework.test.context.junit4.SpringJUnit4ClassRunner.runChild(SpringJUnit4ClassRunner.java:94) ~[spring-test-4.3.25.RELEASE.jar:4.3.25.RELEASE]
	at org.junit.runners.ParentRunner$3.run(ParentRunner.java:290) ~[junit-4.12.jar:4.12]
	at org.junit.runners.ParentRunner$1.schedule(ParentRunner.java:71) ~[junit-4.12.jar:4.12]
	at org.junit.runners.ParentRunner.runChildren(ParentRunner.java:288) ~[junit-4.12.jar:4.12]
	at org.junit.runners.ParentRunner.access$000(ParentRunner.java:58) ~[junit-4.12.jar:4.12]
	at org.junit.runners.ParentRunner$2.evaluate(ParentRunner.java:268) ~[junit-4.12.jar:4.12]
	at org.springframework.test.context.junit4.statements.RunBeforeTestClassCallbacks.evaluate(RunBeforeTestClassCallbacks.java:61) ~[spring-test-4.3.25.RELEASE.jar:4.3.25.RELEASE]
	at org.springframework.test.context.junit4.statements.RunAfterTestClassCallbacks.evaluate(RunAfterTestClassCallbacks.java:70) ~[spring-test-4.3.25.RELEASE.jar:4.3.25.RELEASE]
	at org.junit.runners.ParentRunner.run(ParentRunner.java:363) ~[junit-4.12.jar:4.12]
	at org.springframework.test.context.junit4.SpringJUnit4ClassRunner.run(SpringJUnit4ClassRunner.java:191) ~[spring-test-4.3.25.RELEASE.jar:4.3.25.RELEASE]
	at org.apache.maven.surefire.junit4.JUnit4Provider.execute(JUnit4Provider.java:367) ~[surefire-junit4-2.19.1.jar:2.19.1]
	at org.apache.maven.surefire.junit4.JUnit4Provider.executeWithRerun(JUnit4Provider.java:274) ~[surefire-junit4-2.19.1.jar:2.19.1]
	at org.apache.maven.surefire.junit4.JUnit4Provider.executeTestSet(JUnit4Provider.java:238) ~[surefire-junit4-2.19.1.jar:2.19.1]
	at org.apache.maven.surefire.junit4.JUnit4Provider.invoke(JUnit4Provider.java:161) ~[surefire-junit4-2.19.1.jar:2.19.1]
	at org.apache.maven.surefire.booter.ForkedBooter.invokeProviderInSameClassLoader(ForkedBooter.java:290) ~[surefire-booter-2.19.1.jar:2.19.1]
	at org.apache.maven.surefire.booter.ForkedBooter.runSuitesInProcess(ForkedBooter.java:242) ~[surefire-booter-2.19.1.jar:2.19.1]
	at org.apache.maven.surefire.booter.ForkedBooter.main(ForkedBooter.java:121) ~[surefire-booter-2.19.1.jar:2.19.1]
Caused by: java.lang.IllegalStateException: Cannot load configuration class: org.springframework.cloud.bootstrap.config.PropertySourceBootstrapConfiguration
	at org.springframework.context.annotation.ConfigurationClassPostProcessor.enhanceConfigurationClasses(ConfigurationClassPostProcessor.java:404) ~[spring-context-4.3.25.RELEASE.jar:4.3.25.RELEASE]
	at org.springframework.context.annotation.ConfigurationClassPostProcessor.postProcessBeanFactory(ConfigurationClassPostProcessor.java:249) ~[spring-context-4.3.25.RELEASE.jar:4.3.25.RELEASE]
	at org.springframework.context.support.PostProcessorRegistrationDelegate.invokeBeanFactoryPostProcessors(PostProcessorRegistrationDelegate.java:283) ~[spring-context-4.3.25.RELEASE.jar:4.3.25.RELEASE]
	at org.springframework.context.support.PostProcessorRegistrationDelegate.invokeBeanFactoryPostProcessors(PostProcessorRegistrationDelegate.java:127) ~[spring-context-4.3.25.RELEASE.jar:4.3.25.RELEASE]
	at org.springframework.context.support.AbstractApplicationContext.invokeBeanFactoryPostProcessors(AbstractApplicationContext.java:687) ~[spring-context-4.3.25.RELEASE.jar:4.3.25.RELEASE]
	at org.springframework.context.support.AbstractApplicationContext.refresh(AbstractApplicationContext.java:524) ~[spring-context-4.3.25.RELEASE.jar:4.3.25.RELEASE]
	at org.springframework.boot.SpringApplication.refresh(SpringApplication.java:666) ~[spring-boot-1.5.22.RELEASE.jar:1.5.22.RELEASE]
	at org.springframework.boot.SpringApplication.refreshContext(SpringApplication.java:353) ~[spring-boot-1.5.22.RELEASE.jar:1.5.22.RELEASE]
	at org.springframework.boot.SpringApplication.run(SpringApplication.java:300) ~[spring-boot-1.5.22.RELEASE.jar:1.5.22.RELEASE]
	at org.springframework.boot.builder.SpringApplicationBuilder.run(SpringApplicationBuilder.java:135) ~[spring-boot-1.5.22.RELEASE.jar:1.5.22.RELEASE]
	at org.springframework.cloud.bootstrap.BootstrapApplicationListener.bootstrapServiceContext(BootstrapApplicationListener.java:175) ~[spring-cloud-context-1.2.5.RELEASE.jar:1.2.5.RELEASE]
	at org.springframework.cloud.bootstrap.BootstrapApplicationListener.onApplicationEvent(BootstrapApplicationListener.java:98) ~[spring-cloud-context-1.2.5.RELEASE.jar:1.2.5.RELEASE]
	at org.springframework.cloud.bootstrap.BootstrapApplicationListener.onApplicationEvent(BootstrapApplicationListener.java:64) ~[spring-cloud-context-1.2.5.RELEASE.jar:1.2.5.RELEASE]
	at org.springframework.context.event.SimpleApplicationEventMulticaster.doInvokeListener(SimpleApplicationEventMulticaster.java:172) ~[spring-context-4.3.25.RELEASE.jar:4.3.25.RELEASE]
	at org.springframework.context.event.SimpleApplicationEventMulticaster.invokeListener(SimpleApplicationEventMulticaster.java:165) ~[spring-context-4.3.25.RELEASE.jar:4.3.25.RELEASE]
	at org.springframework.context.event.SimpleApplicationEventMulticaster.multicastEvent(SimpleApplicationEventMulticaster.java:139) ~[spring-context-4.3.25.RELEASE.jar:4.3.25.RELEASE]
	at org.springframework.context.event.SimpleApplicationEventMulticaster.multicastEvent(SimpleApplicationEventMulticaster.java:122) ~[spring-context-4.3.25.RELEASE.jar:4.3.25.RELEASE]
	at org.springframework.boot.context.event.EventPublishingRunListener.environmentPrepared(EventPublishingRunListener.java:75) ~[spring-boot-1.5.22.RELEASE.jar:1.5.22.RELEASE]
	at org.springframework.boot.SpringApplicationRunListeners.environmentPrepared(SpringApplicationRunListeners.java:53) ~[spring-boot-1.5.22.RELEASE.jar:1.5.22.RELEASE]
	at org.springframework.boot.SpringApplication.prepareEnvironment(SpringApplication.java:320) ~[spring-boot-1.5.22.RELEASE.jar:1.5.22.RELEASE]
	at org.springframework.boot.SpringApplication.run(SpringApplication.java:295) ~[spring-boot-1.5.22.RELEASE.jar:1.5.22.RELEASE]
	at org.springframework.boot.test.context.SpringBootContextLoader.loadContext(SpringBootContextLoader.java:118) ~[spring-boot-test-1.5.22.RELEASE.jar:1.5.22.RELEASE]
	at org.springframework.test.context.cache.DefaultCacheAwareContextLoaderDelegate.loadContextInternal(DefaultCacheAwareContextLoaderDelegate.java:98) ~[spring-test-4.3.25.RELEASE.jar:4.3.25.RELEASE]
	at org.springframework.test.context.cache.DefaultCacheAwareContextLoaderDelegate.loadContext(DefaultCacheAwareContextLoaderDelegate.java:116) ~[spring-test-4.3.25.RELEASE.jar:4.3.25.RELEASE]
	... 27 common frames omitted
Caused by: java.lang.ExceptionInInitializerError: null
	at org.springframework.context.annotation.ConfigurationClassEnhancer.newEnhancer(ConfigurationClassEnhancer.java:122) ~[spring-context-4.3.25.RELEASE.jar:4.3.25.RELEASE]
	at org.springframework.context.annotation.ConfigurationClassEnhancer.enhance(ConfigurationClassEnhancer.java:110) ~[spring-context-4.3.25.RELEASE.jar:4.3.25.RELEASE]
	at org.springframework.context.annotation.ConfigurationClassPostProcessor.enhanceConfigurationClasses(ConfigurationClassPostProcessor.java:394) ~[spring-context-4.3.25.RELEASE.jar:4.3.25.RELEASE]
	... 50 common frames omitted
Caused by: org.springframework.cglib.core.CodeGenerationException: java.lang.reflect.InaccessibleObjectException-->Unable to make protected final java.lang.Class java.lang.ClassLoader.defineClass(java.lang.String,byte[],int,int,java.security.ProtectionDomain) throws java.lang.ClassFormatError accessible: module java.base does not "opens java.lang" to unnamed module @880ec60
	at org.springframework.cglib.core.ReflectUtils.defineClass(ReflectUtils.java:464) ~[spring-core-4.3.25.RELEASE.jar:4.3.25.RELEASE]
	at org.springframework.cglib.core.AbstractClassGenerator.generate(AbstractClassGenerator.java:336) ~[spring-core-4.3.25.RELEASE.jar:4.3.25.RELEASE]
	at org.springframework.cglib.core.AbstractClassGenerator$ClassLoaderData$3.apply(AbstractClassGenerator.java:93) ~[spring-core-4.3.25.RELEASE.jar:4.3.25.RELEASE]
	at org.springframework.cglib.core.AbstractClassGenerator$ClassLoaderData$3.apply(AbstractClassGenerator.java:91) ~[spring-core-4.3.25.RELEASE.jar:4.3.25.RELEASE]
	at org.springframework.cglib.core.internal.LoadingCache$2.call(LoadingCache.java:54) ~[spring-core-4.3.25.RELEASE.jar:4.3.25.RELEASE]
	at java.base/java.util.concurrent.FutureTask.run(FutureTask.java:264) ~[na:na]
	at org.springframework.cglib.core.internal.LoadingCache.createEntry(LoadingCache.java:61) ~[spring-core-4.3.25.RELEASE.jar:4.3.25.RELEASE]
	at org.springframework.cglib.core.internal.LoadingCache.get(LoadingCache.java:34) ~[spring-core-4.3.25.RELEASE.jar:4.3.25.RELEASE]
	at org.springframework.cglib.core.AbstractClassGenerator$ClassLoaderData.get(AbstractClassGenerator.java:116) ~[spring-core-4.3.25.RELEASE.jar:4.3.25.RELEASE]
	at org.springframework.cglib.core.AbstractClassGenerator.create(AbstractClassGenerator.java:291) ~[spring-core-4.3.25.RELEASE.jar:4.3.25.RELEASE]
	at org.springframework.cglib.core.KeyFactory$Generator.create(KeyFactory.java:221) ~[spring-core-4.3.25.RELEASE.jar:4.3.25.RELEASE]
	at org.springframework.cglib.core.KeyFactory.create(KeyFactory.java:174) ~[spring-core-4.3.25.RELEASE.jar:4.3.25.RELEASE]
	at org.springframework.cglib.core.KeyFactory.create(KeyFactory.java:153) ~[spring-core-4.3.25.RELEASE.jar:4.3.25.RELEASE]
	at org.springframework.cglib.proxy.Enhancer.<clinit>(Enhancer.java:73) ~[spring-core-4.3.25.RELEASE.jar:4.3.25.RELEASE]
	... 53 common frames omitted
Caused by: java.lang.reflect.InaccessibleObjectException: Unable to make protected final java.lang.Class java.lang.ClassLoader.defineClass(java.lang.String,byte[],int,int,java.security.ProtectionDomain) throws java.lang.ClassFormatError accessible: module java.base does not "opens java.lang" to unnamed module @880ec60
	at java.base/java.lang.reflect.AccessibleObject.checkCanSetAccessible(AccessibleObject.java:354) ~[na:na]
	at java.base/java.lang.reflect.AccessibleObject.checkCanSetAccessible(AccessibleObject.java:297) ~[na:na]
	at java.base/java.lang.reflect.Method.checkCanSetAccessible(Method.java:199) ~[na:na]
	at java.base/java.lang.reflect.Method.setAccessible(Method.java:193) ~[na:na]
	at org.springframework.cglib.core.ReflectUtils$1.run(ReflectUtils.java:61) ~[spring-core-4.3.25.RELEASE.jar:4.3.25.RELEASE]
	at java.base/java.security.AccessController.doPrivileged(AccessController.java:569) ~[na:na]
	at org.springframework.cglib.core.ReflectUtils.<clinit>(ReflectUtils.java:52) ~[spring-core-4.3.25.RELEASE.jar:4.3.25.RELEASE]
	at org.springframework.cglib.core.KeyFactory$Generator.generateClass(KeyFactory.java:243) ~[spring-core-4.3.25.RELEASE.jar:4.3.25.RELEASE]
	at org.springframework.cglib.core.DefaultGeneratorStrategy.generate(DefaultGeneratorStrategy.java:25) ~[spring-core-4.3.25.RELEASE.jar:4.3.25.RELEASE]
	at org.springframework.cglib.core.AbstractClassGenerator.generate(AbstractClassGenerator.java:329) ~[spring-core-4.3.25.RELEASE.jar:4.3.25.RELEASE]
	... 65 common frames omitted

]]></system-out>
  </testcase>
</testsuite>